CRITICAL - 2021-08-03 17:16:16 --> Uncaught ErrorException: Undefined variable: viewFile in /Applications/MAMP/htdocs/CI/venus-shop/vendor/codeigniter4/framework/system/Debug/Exceptions.php:278
Stack trace:
#0 /Applications/MAMP/htdocs/CI/venus-shop/vendor/codeigniter4/framework/system/Debug/Exceptions.php(278): CodeIgniter\Debug\Exceptions->errorHandler(8, 'Undefined varia...', '/Applications/M...', 278, Array)
#1 /Applications/MAMP/htdocs/CI/venus-shop/vendor/codeigniter4/framework/system/Debug/Exceptions.php(278): include()
#2 /Applications/MAMP/htdocs/CI/venus-shop/vendor/codeigniter4/framework/system/Debug/Exceptions.php(147): CodeIgniter\Debug\Exceptions->render(Object(CodeIgniter\Exceptions\PageNotFoundException), 404)
#3 [internal function]: CodeIgniter\Debug\Exceptions->exceptionHandler(Object(CodeIgniter\Exceptions\PageNotFoundException))
#4 {main}
  thrown
#0 [internal function]: CodeIgniter\Debug\Exceptions->shutdownHandler()
#1 {main}
CRITICAL - 2021-08-03 17:16:22 --> Uncaught ErrorException: Undefined variable: viewFile in /Applications/MAMP/htdocs/CI/venus-shop/vendor/codeigniter4/framework/system/Debug/Exceptions.php:278
Stack trace:
#0 /Applications/MAMP/htdocs/CI/venus-shop/vendor/codeigniter4/framework/system/Debug/Exceptions.php(278): CodeIgniter\Debug\Exceptions->errorHandler(8, 'Undefined varia...', '/Applications/M...', 278, Array)
#1 /Applications/MAMP/htdocs/CI/venus-shop/vendor/codeigniter4/framework/system/Debug/Exceptions.php(278): include()
#2 /Applications/MAMP/htdocs/CI/venus-shop/vendor/codeigniter4/framework/system/Debug/Exceptions.php(147): CodeIgniter\Debug\Exceptions->render(Object(CodeIgniter\Exceptions\PageNotFoundException), 404)
#3 [internal function]: CodeIgniter\Debug\Exceptions->exceptionHandler(Object(CodeIgniter\Exceptions\PageNotFoundException))
#4 {main}
  thrown
#0 [internal function]: CodeIgniter\Debug\Exceptions->shutdownHandler()
#1 {main}
CRITICAL - 2021-08-03 17:16:40 --> Uncaught ErrorException: Undefined variable: viewFile in /Applications/MAMP/htdocs/CI/venus-shop/vendor/codeigniter4/framework/system/Debug/Exceptions.php:278
Stack trace:
#0 /Applications/MAMP/htdocs/CI/venus-shop/vendor/codeigniter4/framework/system/Debug/Exceptions.php(278): CodeIgniter\Debug\Exceptions->errorHandler(8, 'Undefined varia...', '/Applications/M...', 278, Array)
#1 /Applications/MAMP/htdocs/CI/venus-shop/vendor/codeigniter4/framework/system/Debug/Exceptions.php(278): include()
#2 /Applications/MAMP/htdocs/CI/venus-shop/vendor/codeigniter4/framework/system/Debug/Exceptions.php(147): CodeIgniter\Debug\Exceptions->render(Object(CodeIgniter\Exceptions\PageNotFoundException), 404)
#3 [internal function]: CodeIgniter\Debug\Exceptions->exceptionHandler(Object(CodeIgniter\Exceptions\PageNotFoundException))
#4 {main}
  thrown
#0 [internal function]: CodeIgniter\Debug\Exceptions->shutdownHandler()
#1 {main}
CRITICAL - 2021-08-03 17:17:25 --> Uncaught ErrorException: Undefined variable: viewFile in /Applications/MAMP/htdocs/CI/venus-shop/vendor/codeigniter4/framework/system/Debug/Exceptions.php:278
Stack trace:
#0 /Applications/MAMP/htdocs/CI/venus-shop/vendor/codeigniter4/framework/system/Debug/Exceptions.php(278): CodeIgniter\Debug\Exceptions->errorHandler(8, 'Undefined varia...', '/Applications/M...', 278, Array)
#1 /Applications/MAMP/htdocs/CI/venus-shop/vendor/codeigniter4/framework/system/Debug/Exceptions.php(278): include()
#2 /Applications/MAMP/htdocs/CI/venus-shop/vendor/codeigniter4/framework/system/Debug/Exceptions.php(147): CodeIgniter\Debug\Exceptions->render(Object(CodeIgniter\Exceptions\PageNotFoundException), 404)
#3 [internal function]: CodeIgniter\Debug\Exceptions->exceptionHandler(Object(CodeIgniter\Exceptions\PageNotFoundException))
#4 {main}
  thrown
#0 [internal function]: CodeIgniter\Debug\Exceptions->shutdownHandler()
#1 {main}
CRITICAL - 2021-08-03 17:17:26 --> Uncaught ErrorException: Undefined variable: viewFile in /Applications/MAMP/htdocs/CI/venus-shop/vendor/codeigniter4/framework/system/Debug/Exceptions.php:278
Stack trace:
#0 /Applications/MAMP/htdocs/CI/venus-shop/vendor/codeigniter4/framework/system/Debug/Exceptions.php(278): CodeIgniter\Debug\Exceptions->errorHandler(8, 'Undefined varia...', '/Applications/M...', 278, Array)
#1 /Applications/MAMP/htdocs/CI/venus-shop/vendor/codeigniter4/framework/system/Debug/Exceptions.php(278): include()
#2 /Applications/MAMP/htdocs/CI/venus-shop/vendor/codeigniter4/framework/system/Debug/Exceptions.php(147): CodeIgniter\Debug\Exceptions->render(Object(CodeIgniter\Exceptions\PageNotFoundException), 404)
#3 [internal function]: CodeIgniter\Debug\Exceptions->exceptionHandler(Object(CodeIgniter\Exceptions\PageNotFoundException))
#4 {main}
  thrown
#0 [internal function]: CodeIgniter\Debug\Exceptions->shutdownHandler()
#1 {main}
CRITICAL - 2021-08-03 17:17:26 --> Uncaught ErrorException: Undefined variable: viewFile in /Applications/MAMP/htdocs/CI/venus-shop/vendor/codeigniter4/framework/system/Debug/Exceptions.php:278
Stack trace:
#0 /Applications/MAMP/htdocs/CI/venus-shop/vendor/codeigniter4/framework/system/Debug/Exceptions.php(278): CodeIgniter\Debug\Exceptions->errorHandler(8, 'Undefined varia...', '/Applications/M...', 278, Array)
#1 /Applications/MAMP/htdocs/CI/venus-shop/vendor/codeigniter4/framework/system/Debug/Exceptions.php(278): include()
#2 /Applications/MAMP/htdocs/CI/venus-shop/vendor/codeigniter4/framework/system/Debug/Exceptions.php(147): CodeIgniter\Debug\Exceptions->render(Object(CodeIgniter\Exceptions\PageNotFoundException), 404)
#3 [internal function]: CodeIgniter\Debug\Exceptions->exceptionHandler(Object(CodeIgniter\Exceptions\PageNotFoundException))
#4 {main}
  thrown
#0 [internal function]: CodeIgniter\Debug\Exceptions->shutdownHandler()
#1 {main}
CRITICAL - 2021-08-03 17:17:26 --> Uncaught ErrorException: Undefined variable: viewFile in /Applications/MAMP/htdocs/CI/venus-shop/vendor/codeigniter4/framework/system/Debug/Exceptions.php:278
Stack trace:
#0 /Applications/MAMP/htdocs/CI/venus-shop/vendor/codeigniter4/framework/system/Debug/Exceptions.php(278): CodeIgniter\Debug\Exceptions->errorHandler(8, 'Undefined varia...', '/Applications/M...', 278, Array)
#1 /Applications/MAMP/htdocs/CI/venus-shop/vendor/codeigniter4/framework/system/Debug/Exceptions.php(278): include()
#2 /Applications/MAMP/htdocs/CI/venus-shop/vendor/codeigniter4/framework/system/Debug/Exceptions.php(147): CodeIgniter\Debug\Exceptions->render(Object(CodeIgniter\Exceptions\PageNotFoundException), 404)
#3 [internal function]: CodeIgniter\Debug\Exceptions->exceptionHandler(Object(CodeIgniter\Exceptions\PageNotFoundException))
#4 {main}
  thrown
#0 [internal function]: CodeIgniter\Debug\Exceptions->shutdownHandler()
#1 {main}
CRITICAL - 2021-08-03 17:17:26 --> Uncaught ErrorException: Undefined variable: viewFile in /Applications/MAMP/htdocs/CI/venus-shop/vendor/codeigniter4/framework/system/Debug/Exceptions.php:278
Stack trace:
#0 /Applications/MAMP/htdocs/CI/venus-shop/vendor/codeigniter4/framework/system/Debug/Exceptions.php(278): CodeIgniter\Debug\Exceptions->errorHandler(8, 'Undefined varia...', '/Applications/M...', 278, Array)
#1 /Applications/MAMP/htdocs/CI/venus-shop/vendor/codeigniter4/framework/system/Debug/Exceptions.php(278): include()
#2 /Applications/MAMP/htdocs/CI/venus-shop/vendor/codeigniter4/framework/system/Debug/Exceptions.php(147): CodeIgniter\Debug\Exceptions->render(Object(CodeIgniter\Exceptions\PageNotFoundException), 404)
#3 [internal function]: CodeIgniter\Debug\Exceptions->exceptionHandler(Object(CodeIgniter\Exceptions\PageNotFoundException))
#4 {main}
  thrown
#0 [internal function]: CodeIgniter\Debug\Exceptions->shutdownHandler()
#1 {main}
CRITICAL - 2021-08-03 17:17:26 --> Uncaught ErrorException: Undefined variable: viewFile in /Applications/MAMP/htdocs/CI/venus-shop/vendor/codeigniter4/framework/system/Debug/Exceptions.php:278
Stack trace:
#0 /Applications/MAMP/htdocs/CI/venus-shop/vendor/codeigniter4/framework/system/Debug/Exceptions.php(278): CodeIgniter\Debug\Exceptions->errorHandler(8, 'Undefined varia...', '/Applications/M...', 278, Array)
#1 /Applications/MAMP/htdocs/CI/venus-shop/vendor/codeigniter4/framework/system/Debug/Exceptions.php(278): include()
#2 /Applications/MAMP/htdocs/CI/venus-shop/vendor/codeigniter4/framework/system/Debug/Exceptions.php(147): CodeIgniter\Debug\Exceptions->render(Object(CodeIgniter\Exceptions\PageNotFoundException), 404)
#3 [internal function]: CodeIgniter\Debug\Exceptions->exceptionHandler(Object(CodeIgniter\Exceptions\PageNotFoundException))
#4 {main}
  thrown
#0 [internal function]: CodeIgniter\Debug\Exceptions->shutdownHandler()
#1 {main}
CRITICAL - 2021-08-03 17:17:26 --> Uncaught ErrorException: Undefined variable: viewFile in /Applications/MAMP/htdocs/CI/venus-shop/vendor/codeigniter4/framework/system/Debug/Exceptions.php:278
Stack trace:
#0 /Applications/MAMP/htdocs/CI/venus-shop/vendor/codeigniter4/framework/system/Debug/Exceptions.php(278): CodeIgniter\Debug\Exceptions->errorHandler(8, 'Undefined varia...', '/Applications/M...', 278, Array)
#1 /Applications/MAMP/htdocs/CI/venus-shop/vendor/codeigniter4/framework/system/Debug/Exceptions.php(278): include()
#2 /Applications/MAMP/htdocs/CI/venus-shop/vendor/codeigniter4/framework/system/Debug/Exceptions.php(147): CodeIgniter\Debug\Exceptions->render(Object(CodeIgniter\Exceptions\PageNotFoundException), 404)
#3 [internal function]: CodeIgniter\Debug\Exceptions->exceptionHandler(Object(CodeIgniter\Exceptions\PageNotFoundException))
#4 {main}
  thrown
#0 [internal function]: CodeIgniter\Debug\Exceptions->shutdownHandler()
#1 {main}
CRITICAL - 2021-08-03 17:17:27 --> Uncaught ErrorException: Undefined variable: viewFile in /Applications/MAMP/htdocs/CI/venus-shop/vendor/codeigniter4/framework/system/Debug/Exceptions.php:278
Stack trace:
#0 /Applications/MAMP/htdocs/CI/venus-shop/vendor/codeigniter4/framework/system/Debug/Exceptions.php(278): CodeIgniter\Debug\Exceptions->errorHandler(8, 'Undefined varia...', '/Applications/M...', 278, Array)
#1 /Applications/MAMP/htdocs/CI/venus-shop/vendor/codeigniter4/framework/system/Debug/Exceptions.php(278): include()
#2 /Applications/MAMP/htdocs/CI/venus-shop/vendor/codeigniter4/framework/system/Debug/Exceptions.php(147): CodeIgniter\Debug\Exceptions->render(Object(CodeIgniter\Exceptions\PageNotFoundException), 404)
#3 [internal function]: CodeIgniter\Debug\Exceptions->exceptionHandler(Object(CodeIgniter\Exceptions\PageNotFoundException))
#4 {main}
  thrown
#0 [internal function]: CodeIgniter\Debug\Exceptions->shutdownHandler()
#1 {main}
CRITICAL - 2021-08-03 17:17:44 --> Uncaught ErrorException: Undefined variable: viewFile in /Applications/MAMP/htdocs/CI/venus-shop/vendor/codeigniter4/framework/system/Debug/Exceptions.php:278
Stack trace:
#0 /Applications/MAMP/htdocs/CI/venus-shop/vendor/codeigniter4/framework/system/Debug/Exceptions.php(278): CodeIgniter\Debug\Exceptions->errorHandler(8, 'Undefined varia...', '/Applications/M...', 278, Array)
#1 /Applications/MAMP/htdocs/CI/venus-shop/vendor/codeigniter4/framework/system/Debug/Exceptions.php(278): include()
#2 /Applications/MAMP/htdocs/CI/venus-shop/vendor/codeigniter4/framework/system/Debug/Exceptions.php(147): CodeIgniter\Debug\Exceptions->render(Object(CodeIgniter\Exceptions\PageNotFoundException), 404)
#3 [internal function]: CodeIgniter\Debug\Exceptions->exceptionHandler(Object(CodeIgniter\Exceptions\PageNotFoundException))
#4 {main}
  thrown
#0 [internal function]: CodeIgniter\Debug\Exceptions->shutdownHandler()
#1 {main}
CRITICAL - 2021-08-03 17:17:48 --> Uncaught ErrorException: Undefined variable: viewFile in /Applications/MAMP/htdocs/CI/venus-shop/vendor/codeigniter4/framework/system/Debug/Exceptions.php:278
Stack trace:
#0 /Applications/MAMP/htdocs/CI/venus-shop/vendor/codeigniter4/framework/system/Debug/Exceptions.php(278): CodeIgniter\Debug\Exceptions->errorHandler(8, 'Undefined varia...', '/Applications/M...', 278, Array)
#1 /Applications/MAMP/htdocs/CI/venus-shop/vendor/codeigniter4/framework/system/Debug/Exceptions.php(278): include()
#2 /Applications/MAMP/htdocs/CI/venus-shop/vendor/codeigniter4/framework/system/Debug/Exceptions.php(147): CodeIgniter\Debug\Exceptions->render(Object(CodeIgniter\Exceptions\PageNotFoundException), 404)
#3 [internal function]: CodeIgniter\Debug\Exceptions->exceptionHandler(Object(CodeIgniter\Exceptions\PageNotFoundException))
#4 {main}
  thrown
#0 [internal function]: CodeIgniter\Debug\Exceptions->shutdownHandler()
#1 {main}
CRITICAL - 2021-08-03 17:22:42 --> Invalid file: web/pages/profile/wishlist.php
#0 /Applications/MAMP/htdocs/CI/venus-shop/vendor/codeigniter4/framework/system/View/View.php(213): CodeIgniter\Exceptions\FrameworkException::forInvalidFile('web/pages/profi...')
#1 /Applications/MAMP/htdocs/CI/venus-shop/vendor/codeigniter4/framework/system/Common.php(1271): CodeIgniter\View\View->render('web/pages/profi...', Array, true)
#2 /Applications/MAMP/htdocs/CI/venus-shop/app/Controllers/Customer.php(276): view('web/pages/profi...', Array)
#3 /Applications/MAMP/htdocs/CI/venus-shop/vendor/codeigniter4/framework/system/CodeIgniter.php(928): App\Controllers\Customer->profile_wishlist()
#4 /Applications/MAMP/htdocs/CI/venus-shop/vendor/codeigniter4/framework/system/CodeIgniter.php(436): CodeIgniter\CodeIgniter->runController(Object(App\Controllers\Customer))
#5 /Applications/MAMP/htdocs/CI/venus-shop/vendor/codeigniter4/framework/system/CodeIgniter.php(336): CodeIgniter\CodeIgniter->handleRequest(NULL, Object(Config\Cache), false)
#6 /Applications/MAMP/htdocs/CI/venus-shop/index.php(37): CodeIgniter\CodeIgniter->run()
#7 {main}
CRITICAL - 2021-08-03 17:22:42 --> Uncaught ErrorException: Undefined variable: viewFile in /Applications/MAMP/htdocs/CI/venus-shop/vendor/codeigniter4/framework/system/Debug/Exceptions.php:278
Stack trace:
#0 /Applications/MAMP/htdocs/CI/venus-shop/vendor/codeigniter4/framework/system/Debug/Exceptions.php(278): CodeIgniter\Debug\Exceptions->errorHandler(8, 'Undefined varia...', '/Applications/M...', 278, Array)
#1 /Applications/MAMP/htdocs/CI/venus-shop/vendor/codeigniter4/framework/system/Debug/Exceptions.php(278): include()
#2 /Applications/MAMP/htdocs/CI/venus-shop/vendor/codeigniter4/framework/system/Debug/Exceptions.php(147): CodeIgniter\Debug\Exceptions->render(Object(CodeIgniter\View\Exceptions\ViewException), 500)
#3 [internal function]: CodeIgniter\Debug\Exceptions->exceptionHandler(Object(CodeIgniter\View\Exceptions\ViewException))
#4 {main}
  thrown
#0 [internal function]: CodeIgniter\Debug\Exceptions->shutdownHandler()
#1 {main}
CRITICAL - 2021-08-03 17:30:13 --> Uncaught ErrorException: Undefined variable: viewFile in /Applications/MAMP/htdocs/CI/venus-shop/vendor/codeigniter4/framework/system/Debug/Exceptions.php:278
Stack trace:
#0 /Applications/MAMP/htdocs/CI/venus-shop/vendor/codeigniter4/framework/system/Debug/Exceptions.php(278): CodeIgniter\Debug\Exceptions->errorHandler(8, 'Undefined varia...', '/Applications/M...', 278, Array)
#1 /Applications/MAMP/htdocs/CI/venus-shop/vendor/codeigniter4/framework/system/Debug/Exceptions.php(278): include()
#2 /Applications/MAMP/htdocs/CI/venus-shop/vendor/codeigniter4/framework/system/Debug/Exceptions.php(147): CodeIgniter\Debug\Exceptions->render(Object(CodeIgniter\Exceptions\PageNotFoundException), 404)
#3 [internal function]: CodeIgniter\Debug\Exceptions->exceptionHandler(Object(CodeIgniter\Exceptions\PageNotFoundException))
#4 {main}
  thrown
#0 [internal function]: CodeIgniter\Debug\Exceptions->shutdownHandler()
#1 {main}
CRITICAL - 2021-08-03 17:38:43 --> Uncaught ErrorException: Undefined variable: viewFile in /Applications/MAMP/htdocs/CI/venus-shop/vendor/codeigniter4/framework/system/Debug/Exceptions.php:278
Stack trace:
#0 /Applications/MAMP/htdocs/CI/venus-shop/vendor/codeigniter4/framework/system/Debug/Exceptions.php(278): CodeIgniter\Debug\Exceptions->errorHandler(8, 'Undefined varia...', '/Applications/M...', 278, Array)
#1 /Applications/MAMP/htdocs/CI/venus-shop/vendor/codeigniter4/framework/system/Debug/Exceptions.php(278): include()
#2 /Applications/MAMP/htdocs/CI/venus-shop/vendor/codeigniter4/framework/system/Debug/Exceptions.php(147): CodeIgniter\Debug\Exceptions->render(Object(CodeIgniter\Exceptions\PageNotFoundException), 404)
#3 [internal function]: CodeIgniter\Debug\Exceptions->exceptionHandler(Object(CodeIgniter\Exceptions\PageNotFoundException))
#4 {main}
  thrown
#0 [internal function]: CodeIgniter\Debug\Exceptions->shutdownHandler()
#1 {main}
