CRITICAL - 2021-08-24 04:46:10 --> Class 'Errors' not found
#0 /Applications/MAMP/htdocs/CI/venus-shop/vendor/codeigniter4/framework/system/CodeIgniter.php(961): CodeIgniter\CodeIgniter->createController()
#1 /Applications/MAMP/htdocs/CI/venus-shop/vendor/codeigniter4/framework/system/CodeIgniter.php(353): CodeIgniter\CodeIgniter->display404errors(Object(CodeIgniter\Exceptions\PageNotFoundException))
#2 /Applications/MAMP/htdocs/CI/venus-shop/index.php(37): CodeIgniter\CodeIgniter->run()
#3 {main}
CRITICAL - 2021-08-24 04:46:10 --> Uncaught ErrorException: Undefined variable: viewFile in /Applications/MAMP/htdocs/CI/venus-shop/vendor/codeigniter4/framework/system/Debug/Exceptions.php:278
Stack trace:
#0 /Applications/MAMP/htdocs/CI/venus-shop/vendor/codeigniter4/framework/system/Debug/Exceptions.php(278): CodeIgniter\Debug\Exceptions->errorHandler(8, 'Undefined varia...', '/Applications/M...', 278, Array)
#1 /Applications/MAMP/htdocs/CI/venus-shop/vendor/codeigniter4/framework/system/Debug/Exceptions.php(278): include()
#2 /Applications/MAMP/htdocs/CI/venus-shop/vendor/codeigniter4/framework/system/Debug/Exceptions.php(147): CodeIgniter\Debug\Exceptions->render(Object(Error), 500)
#3 [internal function]: CodeIgniter\Debug\Exceptions->exceptionHandler(Object(Error))
#4 {main}
  thrown
#0 [internal function]: CodeIgniter\Debug\Exceptions->shutdownHandler()
#1 {main}
CRITICAL - 2021-08-24 04:48:21 --> Invalid file: admin/errors/error_404.php
#0 /Applications/MAMP/htdocs/CI/venus-shop/vendor/codeigniter4/framework/system/View/View.php(213): CodeIgniter\Exceptions\FrameworkException::forInvalidFile('admin/errors/er...')
#1 /Applications/MAMP/htdocs/CI/venus-shop/vendor/codeigniter4/framework/system/Common.php(1271): CodeIgniter\View\View->render('admin/errors/er...', Array, true)
#2 /Applications/MAMP/htdocs/CI/venus-shop/app/Config/Routes.php(134): view('admin/errors/er...')
#3 /Applications/MAMP/htdocs/CI/venus-shop/vendor/codeigniter4/framework/system/CodeIgniter.php(951): CodeIgniter\CodeIgniter->Config\{closure}('Controller or i...')
#4 /Applications/MAMP/htdocs/CI/venus-shop/vendor/codeigniter4/framework/system/CodeIgniter.php(353): CodeIgniter\CodeIgniter->display404errors(Object(CodeIgniter\Exceptions\PageNotFoundException))
#5 /Applications/MAMP/htdocs/CI/venus-shop/index.php(37): CodeIgniter\CodeIgniter->run()
#6 {main}
CRITICAL - 2021-08-24 04:48:21 --> Uncaught ErrorException: Undefined variable: viewFile in /Applications/MAMP/htdocs/CI/venus-shop/vendor/codeigniter4/framework/system/Debug/Exceptions.php:278
Stack trace:
#0 /Applications/MAMP/htdocs/CI/venus-shop/vendor/codeigniter4/framework/system/Debug/Exceptions.php(278): CodeIgniter\Debug\Exceptions->errorHandler(8, 'Undefined varia...', '/Applications/M...', 278, Array)
#1 /Applications/MAMP/htdocs/CI/venus-shop/vendor/codeigniter4/framework/system/Debug/Exceptions.php(278): include()
#2 /Applications/MAMP/htdocs/CI/venus-shop/vendor/codeigniter4/framework/system/Debug/Exceptions.php(147): CodeIgniter\Debug\Exceptions->render(Object(CodeIgniter\View\Exceptions\ViewException), 500)
#3 [internal function]: CodeIgniter\Debug\Exceptions->exceptionHandler(Object(CodeIgniter\View\Exceptions\ViewException))
#4 {main}
  thrown
#0 [internal function]: CodeIgniter\Debug\Exceptions->shutdownHandler()
#1 {main}
CRITICAL - 2021-08-24 04:48:32 --> Invalid file: admin/errors/error_404.php
#0 /Applications/MAMP/htdocs/CI/venus-shop/vendor/codeigniter4/framework/system/View/View.php(213): CodeIgniter\Exceptions\FrameworkException::forInvalidFile('admin/errors/er...')
#1 /Applications/MAMP/htdocs/CI/venus-shop/vendor/codeigniter4/framework/system/Common.php(1271): CodeIgniter\View\View->render('admin/errors/er...', Array, true)
#2 /Applications/MAMP/htdocs/CI/venus-shop/app/Config/Routes.php(134): view('admin/errors/er...')
#3 /Applications/MAMP/htdocs/CI/venus-shop/vendor/codeigniter4/framework/system/CodeIgniter.php(951): CodeIgniter\CodeIgniter->Config\{closure}('Controller or i...')
#4 /Applications/MAMP/htdocs/CI/venus-shop/vendor/codeigniter4/framework/system/CodeIgniter.php(353): CodeIgniter\CodeIgniter->display404errors(Object(CodeIgniter\Exceptions\PageNotFoundException))
#5 /Applications/MAMP/htdocs/CI/venus-shop/index.php(37): CodeIgniter\CodeIgniter->run()
#6 {main}
CRITICAL - 2021-08-24 04:48:32 --> Uncaught ErrorException: Undefined variable: viewFile in /Applications/MAMP/htdocs/CI/venus-shop/vendor/codeigniter4/framework/system/Debug/Exceptions.php:278
Stack trace:
#0 /Applications/MAMP/htdocs/CI/venus-shop/vendor/codeigniter4/framework/system/Debug/Exceptions.php(278): CodeIgniter\Debug\Exceptions->errorHandler(8, 'Undefined varia...', '/Applications/M...', 278, Array)
#1 /Applications/MAMP/htdocs/CI/venus-shop/vendor/codeigniter4/framework/system/Debug/Exceptions.php(278): include()
#2 /Applications/MAMP/htdocs/CI/venus-shop/vendor/codeigniter4/framework/system/Debug/Exceptions.php(147): CodeIgniter\Debug\Exceptions->render(Object(CodeIgniter\View\Exceptions\ViewException), 500)
#3 [internal function]: CodeIgniter\Debug\Exceptions->exceptionHandler(Object(CodeIgniter\View\Exceptions\ViewException))
#4 {main}
  thrown
#0 [internal function]: CodeIgniter\Debug\Exceptions->shutdownHandler()
#1 {main}
CRITICAL - 2021-08-24 04:49:47 --> Invalid file: admin/errors/error_404.php
#0 /Applications/MAMP/htdocs/CI/venus-shop/vendor/codeigniter4/framework/system/View/View.php(213): CodeIgniter\Exceptions\FrameworkException::forInvalidFile('admin/errors/er...')
#1 /Applications/MAMP/htdocs/CI/venus-shop/vendor/codeigniter4/framework/system/Common.php(1271): CodeIgniter\View\View->render('admin/errors/er...', Array, true)
#2 /Applications/MAMP/htdocs/CI/venus-shop/app/Config/Routes.php(134): view('admin/errors/er...')
#3 /Applications/MAMP/htdocs/CI/venus-shop/vendor/codeigniter4/framework/system/CodeIgniter.php(951): CodeIgniter\CodeIgniter->Config\{closure}('Controller or i...')
#4 /Applications/MAMP/htdocs/CI/venus-shop/vendor/codeigniter4/framework/system/CodeIgniter.php(353): CodeIgniter\CodeIgniter->display404errors(Object(CodeIgniter\Exceptions\PageNotFoundException))
#5 /Applications/MAMP/htdocs/CI/venus-shop/index.php(37): CodeIgniter\CodeIgniter->run()
#6 {main}
CRITICAL - 2021-08-24 04:49:47 --> Uncaught ErrorException: Undefined variable: viewFile in /Applications/MAMP/htdocs/CI/venus-shop/vendor/codeigniter4/framework/system/Debug/Exceptions.php:278
Stack trace:
#0 /Applications/MAMP/htdocs/CI/venus-shop/vendor/codeigniter4/framework/system/Debug/Exceptions.php(278): CodeIgniter\Debug\Exceptions->errorHandler(8, 'Undefined varia...', '/Applications/M...', 278, Array)
#1 /Applications/MAMP/htdocs/CI/venus-shop/vendor/codeigniter4/framework/system/Debug/Exceptions.php(278): include()
#2 /Applications/MAMP/htdocs/CI/venus-shop/vendor/codeigniter4/framework/system/Debug/Exceptions.php(147): CodeIgniter\Debug\Exceptions->render(Object(CodeIgniter\View\Exceptions\ViewException), 500)
#3 [internal function]: CodeIgniter\Debug\Exceptions->exceptionHandler(Object(CodeIgniter\View\Exceptions\ViewException))
#4 {main}
  thrown
#0 [internal function]: CodeIgniter\Debug\Exceptions->shutdownHandler()
#1 {main}
CRITICAL - 2021-08-24 04:51:54 --> Invalid file: admin/errors/error_404.php
#0 /Applications/MAMP/htdocs/CI/venus-shop/vendor/codeigniter4/framework/system/View/View.php(213): CodeIgniter\Exceptions\FrameworkException::forInvalidFile('admin/errors/er...')
#1 /Applications/MAMP/htdocs/CI/venus-shop/vendor/codeigniter4/framework/system/Common.php(1271): CodeIgniter\View\View->render('admin/errors/er...', Array, true)
#2 /Applications/MAMP/htdocs/CI/venus-shop/app/Config/Routes.php(134): view('admin/errors/er...')
#3 /Applications/MAMP/htdocs/CI/venus-shop/vendor/codeigniter4/framework/system/CodeIgniter.php(951): CodeIgniter\CodeIgniter->Config\{closure}('Controller or i...')
#4 /Applications/MAMP/htdocs/CI/venus-shop/vendor/codeigniter4/framework/system/CodeIgniter.php(353): CodeIgniter\CodeIgniter->display404errors(Object(CodeIgniter\Exceptions\PageNotFoundException))
#5 /Applications/MAMP/htdocs/CI/venus-shop/index.php(37): CodeIgniter\CodeIgniter->run()
#6 {main}
CRITICAL - 2021-08-24 04:51:54 --> Uncaught ErrorException: Undefined variable: viewFile in /Applications/MAMP/htdocs/CI/venus-shop/vendor/codeigniter4/framework/system/Debug/Exceptions.php:278
Stack trace:
#0 /Applications/MAMP/htdocs/CI/venus-shop/vendor/codeigniter4/framework/system/Debug/Exceptions.php(278): CodeIgniter\Debug\Exceptions->errorHandler(8, 'Undefined varia...', '/Applications/M...', 278, Array)
#1 /Applications/MAMP/htdocs/CI/venus-shop/vendor/codeigniter4/framework/system/Debug/Exceptions.php(278): include()
#2 /Applications/MAMP/htdocs/CI/venus-shop/vendor/codeigniter4/framework/system/Debug/Exceptions.php(147): CodeIgniter\Debug\Exceptions->render(Object(CodeIgniter\View\Exceptions\ViewException), 500)
#3 [internal function]: CodeIgniter\Debug\Exceptions->exceptionHandler(Object(CodeIgniter\View\Exceptions\ViewException))
#4 {main}
  thrown
#0 [internal function]: CodeIgniter\Debug\Exceptions->shutdownHandler()
#1 {main}
CRITICAL - 2021-08-24 04:51:55 --> Invalid file: admin/errors/error_404.php
#0 /Applications/MAMP/htdocs/CI/venus-shop/vendor/codeigniter4/framework/system/View/View.php(213): CodeIgniter\Exceptions\FrameworkException::forInvalidFile('admin/errors/er...')
#1 /Applications/MAMP/htdocs/CI/venus-shop/vendor/codeigniter4/framework/system/Common.php(1271): CodeIgniter\View\View->render('admin/errors/er...', Array, true)
#2 /Applications/MAMP/htdocs/CI/venus-shop/app/Config/Routes.php(134): view('admin/errors/er...')
#3 /Applications/MAMP/htdocs/CI/venus-shop/vendor/codeigniter4/framework/system/CodeIgniter.php(951): CodeIgniter\CodeIgniter->Config\{closure}('Controller or i...')
#4 /Applications/MAMP/htdocs/CI/venus-shop/vendor/codeigniter4/framework/system/CodeIgniter.php(353): CodeIgniter\CodeIgniter->display404errors(Object(CodeIgniter\Exceptions\PageNotFoundException))
#5 /Applications/MAMP/htdocs/CI/venus-shop/index.php(37): CodeIgniter\CodeIgniter->run()
#6 {main}
CRITICAL - 2021-08-24 04:51:55 --> Uncaught ErrorException: Undefined variable: viewFile in /Applications/MAMP/htdocs/CI/venus-shop/vendor/codeigniter4/framework/system/Debug/Exceptions.php:278
Stack trace:
#0 /Applications/MAMP/htdocs/CI/venus-shop/vendor/codeigniter4/framework/system/Debug/Exceptions.php(278): CodeIgniter\Debug\Exceptions->errorHandler(8, 'Undefined varia...', '/Applications/M...', 278, Array)
#1 /Applications/MAMP/htdocs/CI/venus-shop/vendor/codeigniter4/framework/system/Debug/Exceptions.php(278): include()
#2 /Applications/MAMP/htdocs/CI/venus-shop/vendor/codeigniter4/framework/system/Debug/Exceptions.php(147): CodeIgniter\Debug\Exceptions->render(Object(CodeIgniter\View\Exceptions\ViewException), 500)
#3 [internal function]: CodeIgniter\Debug\Exceptions->exceptionHandler(Object(CodeIgniter\View\Exceptions\ViewException))
#4 {main}
  thrown
#0 [internal function]: CodeIgniter\Debug\Exceptions->shutdownHandler()
#1 {main}
CRITICAL - 2021-08-24 04:51:55 --> Invalid file: admin/errors/error_404.php
#0 /Applications/MAMP/htdocs/CI/venus-shop/vendor/codeigniter4/framework/system/View/View.php(213): CodeIgniter\Exceptions\FrameworkException::forInvalidFile('admin/errors/er...')
#1 /Applications/MAMP/htdocs/CI/venus-shop/vendor/codeigniter4/framework/system/Common.php(1271): CodeIgniter\View\View->render('admin/errors/er...', Array, true)
#2 /Applications/MAMP/htdocs/CI/venus-shop/app/Config/Routes.php(134): view('admin/errors/er...')
#3 /Applications/MAMP/htdocs/CI/venus-shop/vendor/codeigniter4/framework/system/CodeIgniter.php(951): CodeIgniter\CodeIgniter->Config\{closure}('Controller or i...')
#4 /Applications/MAMP/htdocs/CI/venus-shop/vendor/codeigniter4/framework/system/CodeIgniter.php(353): CodeIgniter\CodeIgniter->display404errors(Object(CodeIgniter\Exceptions\PageNotFoundException))
#5 /Applications/MAMP/htdocs/CI/venus-shop/index.php(37): CodeIgniter\CodeIgniter->run()
#6 {main}
CRITICAL - 2021-08-24 04:51:55 --> Uncaught ErrorException: Undefined variable: viewFile in /Applications/MAMP/htdocs/CI/venus-shop/vendor/codeigniter4/framework/system/Debug/Exceptions.php:278
Stack trace:
#0 /Applications/MAMP/htdocs/CI/venus-shop/vendor/codeigniter4/framework/system/Debug/Exceptions.php(278): CodeIgniter\Debug\Exceptions->errorHandler(8, 'Undefined varia...', '/Applications/M...', 278, Array)
#1 /Applications/MAMP/htdocs/CI/venus-shop/vendor/codeigniter4/framework/system/Debug/Exceptions.php(278): include()
#2 /Applications/MAMP/htdocs/CI/venus-shop/vendor/codeigniter4/framework/system/Debug/Exceptions.php(147): CodeIgniter\Debug\Exceptions->render(Object(CodeIgniter\View\Exceptions\ViewException), 500)
#3 [internal function]: CodeIgniter\Debug\Exceptions->exceptionHandler(Object(CodeIgniter\View\Exceptions\ViewException))
#4 {main}
  thrown
#0 [internal function]: CodeIgniter\Debug\Exceptions->shutdownHandler()
#1 {main}
CRITICAL - 2021-08-24 04:51:55 --> Invalid file: admin/errors/error_404.php
#0 /Applications/MAMP/htdocs/CI/venus-shop/vendor/codeigniter4/framework/system/View/View.php(213): CodeIgniter\Exceptions\FrameworkException::forInvalidFile('admin/errors/er...')
#1 /Applications/MAMP/htdocs/CI/venus-shop/vendor/codeigniter4/framework/system/Common.php(1271): CodeIgniter\View\View->render('admin/errors/er...', Array, true)
#2 /Applications/MAMP/htdocs/CI/venus-shop/app/Config/Routes.php(134): view('admin/errors/er...')
#3 /Applications/MAMP/htdocs/CI/venus-shop/vendor/codeigniter4/framework/system/CodeIgniter.php(951): CodeIgniter\CodeIgniter->Config\{closure}('Controller or i...')
#4 /Applications/MAMP/htdocs/CI/venus-shop/vendor/codeigniter4/framework/system/CodeIgniter.php(353): CodeIgniter\CodeIgniter->display404errors(Object(CodeIgniter\Exceptions\PageNotFoundException))
#5 /Applications/MAMP/htdocs/CI/venus-shop/index.php(37): CodeIgniter\CodeIgniter->run()
#6 {main}
CRITICAL - 2021-08-24 04:51:55 --> Uncaught ErrorException: Undefined variable: viewFile in /Applications/MAMP/htdocs/CI/venus-shop/vendor/codeigniter4/framework/system/Debug/Exceptions.php:278
Stack trace:
#0 /Applications/MAMP/htdocs/CI/venus-shop/vendor/codeigniter4/framework/system/Debug/Exceptions.php(278): CodeIgniter\Debug\Exceptions->errorHandler(8, 'Undefined varia...', '/Applications/M...', 278, Array)
#1 /Applications/MAMP/htdocs/CI/venus-shop/vendor/codeigniter4/framework/system/Debug/Exceptions.php(278): include()
#2 /Applications/MAMP/htdocs/CI/venus-shop/vendor/codeigniter4/framework/system/Debug/Exceptions.php(147): CodeIgniter\Debug\Exceptions->render(Object(CodeIgniter\View\Exceptions\ViewException), 500)
#3 [internal function]: CodeIgniter\Debug\Exceptions->exceptionHandler(Object(CodeIgniter\View\Exceptions\ViewException))
#4 {main}
  thrown
#0 [internal function]: CodeIgniter\Debug\Exceptions->shutdownHandler()
#1 {main}
CRITICAL - 2021-08-24 04:51:55 --> Invalid file: admin/errors/error_404.php
#0 /Applications/MAMP/htdocs/CI/venus-shop/vendor/codeigniter4/framework/system/View/View.php(213): CodeIgniter\Exceptions\FrameworkException::forInvalidFile('admin/errors/er...')
#1 /Applications/MAMP/htdocs/CI/venus-shop/vendor/codeigniter4/framework/system/Common.php(1271): CodeIgniter\View\View->render('admin/errors/er...', Array, true)
#2 /Applications/MAMP/htdocs/CI/venus-shop/app/Config/Routes.php(134): view('admin/errors/er...')
#3 /Applications/MAMP/htdocs/CI/venus-shop/vendor/codeigniter4/framework/system/CodeIgniter.php(951): CodeIgniter\CodeIgniter->Config\{closure}('Controller or i...')
#4 /Applications/MAMP/htdocs/CI/venus-shop/vendor/codeigniter4/framework/system/CodeIgniter.php(353): CodeIgniter\CodeIgniter->display404errors(Object(CodeIgniter\Exceptions\PageNotFoundException))
#5 /Applications/MAMP/htdocs/CI/venus-shop/index.php(37): CodeIgniter\CodeIgniter->run()
#6 {main}
CRITICAL - 2021-08-24 04:51:55 --> Uncaught ErrorException: Undefined variable: viewFile in /Applications/MAMP/htdocs/CI/venus-shop/vendor/codeigniter4/framework/system/Debug/Exceptions.php:278
Stack trace:
#0 /Applications/MAMP/htdocs/CI/venus-shop/vendor/codeigniter4/framework/system/Debug/Exceptions.php(278): CodeIgniter\Debug\Exceptions->errorHandler(8, 'Undefined varia...', '/Applications/M...', 278, Array)
#1 /Applications/MAMP/htdocs/CI/venus-shop/vendor/codeigniter4/framework/system/Debug/Exceptions.php(278): include()
#2 /Applications/MAMP/htdocs/CI/venus-shop/vendor/codeigniter4/framework/system/Debug/Exceptions.php(147): CodeIgniter\Debug\Exceptions->render(Object(CodeIgniter\View\Exceptions\ViewException), 500)
#3 [internal function]: CodeIgniter\Debug\Exceptions->exceptionHandler(Object(CodeIgniter\View\Exceptions\ViewException))
#4 {main}
  thrown
#0 [internal function]: CodeIgniter\Debug\Exceptions->shutdownHandler()
#1 {main}
CRITICAL - 2021-08-24 04:51:55 --> Invalid file: admin/errors/error_404.php
#0 /Applications/MAMP/htdocs/CI/venus-shop/vendor/codeigniter4/framework/system/View/View.php(213): CodeIgniter\Exceptions\FrameworkException::forInvalidFile('admin/errors/er...')
#1 /Applications/MAMP/htdocs/CI/venus-shop/vendor/codeigniter4/framework/system/Common.php(1271): CodeIgniter\View\View->render('admin/errors/er...', Array, true)
#2 /Applications/MAMP/htdocs/CI/venus-shop/app/Config/Routes.php(134): view('admin/errors/er...')
#3 /Applications/MAMP/htdocs/CI/venus-shop/vendor/codeigniter4/framework/system/CodeIgniter.php(951): CodeIgniter\CodeIgniter->Config\{closure}('Controller or i...')
#4 /Applications/MAMP/htdocs/CI/venus-shop/vendor/codeigniter4/framework/system/CodeIgniter.php(353): CodeIgniter\CodeIgniter->display404errors(Object(CodeIgniter\Exceptions\PageNotFoundException))
#5 /Applications/MAMP/htdocs/CI/venus-shop/index.php(37): CodeIgniter\CodeIgniter->run()
#6 {main}
CRITICAL - 2021-08-24 04:51:55 --> Uncaught ErrorException: Undefined variable: viewFile in /Applications/MAMP/htdocs/CI/venus-shop/vendor/codeigniter4/framework/system/Debug/Exceptions.php:278
Stack trace:
#0 /Applications/MAMP/htdocs/CI/venus-shop/vendor/codeigniter4/framework/system/Debug/Exceptions.php(278): CodeIgniter\Debug\Exceptions->errorHandler(8, 'Undefined varia...', '/Applications/M...', 278, Array)
#1 /Applications/MAMP/htdocs/CI/venus-shop/vendor/codeigniter4/framework/system/Debug/Exceptions.php(278): include()
#2 /Applications/MAMP/htdocs/CI/venus-shop/vendor/codeigniter4/framework/system/Debug/Exceptions.php(147): CodeIgniter\Debug\Exceptions->render(Object(CodeIgniter\View\Exceptions\ViewException), 500)
#3 [internal function]: CodeIgniter\Debug\Exceptions->exceptionHandler(Object(CodeIgniter\View\Exceptions\ViewException))
#4 {main}
  thrown
#0 [internal function]: CodeIgniter\Debug\Exceptions->shutdownHandler()
#1 {main}
CRITICAL - 2021-08-24 04:51:56 --> Invalid file: admin/errors/error_404.php
#0 /Applications/MAMP/htdocs/CI/venus-shop/vendor/codeigniter4/framework/system/View/View.php(213): CodeIgniter\Exceptions\FrameworkException::forInvalidFile('admin/errors/er...')
#1 /Applications/MAMP/htdocs/CI/venus-shop/vendor/codeigniter4/framework/system/Common.php(1271): CodeIgniter\View\View->render('admin/errors/er...', Array, true)
#2 /Applications/MAMP/htdocs/CI/venus-shop/app/Config/Routes.php(134): view('admin/errors/er...')
#3 /Applications/MAMP/htdocs/CI/venus-shop/vendor/codeigniter4/framework/system/CodeIgniter.php(951): CodeIgniter\CodeIgniter->Config\{closure}('Controller or i...')
#4 /Applications/MAMP/htdocs/CI/venus-shop/vendor/codeigniter4/framework/system/CodeIgniter.php(353): CodeIgniter\CodeIgniter->display404errors(Object(CodeIgniter\Exceptions\PageNotFoundException))
#5 /Applications/MAMP/htdocs/CI/venus-shop/index.php(37): CodeIgniter\CodeIgniter->run()
#6 {main}
CRITICAL - 2021-08-24 04:51:56 --> Uncaught ErrorException: Undefined variable: viewFile in /Applications/MAMP/htdocs/CI/venus-shop/vendor/codeigniter4/framework/system/Debug/Exceptions.php:278
Stack trace:
#0 /Applications/MAMP/htdocs/CI/venus-shop/vendor/codeigniter4/framework/system/Debug/Exceptions.php(278): CodeIgniter\Debug\Exceptions->errorHandler(8, 'Undefined varia...', '/Applications/M...', 278, Array)
#1 /Applications/MAMP/htdocs/CI/venus-shop/vendor/codeigniter4/framework/system/Debug/Exceptions.php(278): include()
#2 /Applications/MAMP/htdocs/CI/venus-shop/vendor/codeigniter4/framework/system/Debug/Exceptions.php(147): CodeIgniter\Debug\Exceptions->render(Object(CodeIgniter\View\Exceptions\ViewException), 500)
#3 [internal function]: CodeIgniter\Debug\Exceptions->exceptionHandler(Object(CodeIgniter\View\Exceptions\ViewException))
#4 {main}
  thrown
#0 [internal function]: CodeIgniter\Debug\Exceptions->shutdownHandler()
#1 {main}
CRITICAL - 2021-08-24 04:51:56 --> Invalid file: admin/errors/error_404.php
#0 /Applications/MAMP/htdocs/CI/venus-shop/vendor/codeigniter4/framework/system/View/View.php(213): CodeIgniter\Exceptions\FrameworkException::forInvalidFile('admin/errors/er...')
#1 /Applications/MAMP/htdocs/CI/venus-shop/vendor/codeigniter4/framework/system/Common.php(1271): CodeIgniter\View\View->render('admin/errors/er...', Array, true)
#2 /Applications/MAMP/htdocs/CI/venus-shop/app/Config/Routes.php(134): view('admin/errors/er...')
#3 /Applications/MAMP/htdocs/CI/venus-shop/vendor/codeigniter4/framework/system/CodeIgniter.php(951): CodeIgniter\CodeIgniter->Config\{closure}('Controller or i...')
#4 /Applications/MAMP/htdocs/CI/venus-shop/vendor/codeigniter4/framework/system/CodeIgniter.php(353): CodeIgniter\CodeIgniter->display404errors(Object(CodeIgniter\Exceptions\PageNotFoundException))
#5 /Applications/MAMP/htdocs/CI/venus-shop/index.php(37): CodeIgniter\CodeIgniter->run()
#6 {main}
CRITICAL - 2021-08-24 04:51:56 --> Uncaught ErrorException: Undefined variable: viewFile in /Applications/MAMP/htdocs/CI/venus-shop/vendor/codeigniter4/framework/system/Debug/Exceptions.php:278
Stack trace:
#0 /Applications/MAMP/htdocs/CI/venus-shop/vendor/codeigniter4/framework/system/Debug/Exceptions.php(278): CodeIgniter\Debug\Exceptions->errorHandler(8, 'Undefined varia...', '/Applications/M...', 278, Array)
#1 /Applications/MAMP/htdocs/CI/venus-shop/vendor/codeigniter4/framework/system/Debug/Exceptions.php(278): include()
#2 /Applications/MAMP/htdocs/CI/venus-shop/vendor/codeigniter4/framework/system/Debug/Exceptions.php(147): CodeIgniter\Debug\Exceptions->render(Object(CodeIgniter\View\Exceptions\ViewException), 500)
#3 [internal function]: CodeIgniter\Debug\Exceptions->exceptionHandler(Object(CodeIgniter\View\Exceptions\ViewException))
#4 {main}
  thrown
#0 [internal function]: CodeIgniter\Debug\Exceptions->shutdownHandler()
#1 {main}
CRITICAL - 2021-08-24 04:51:56 --> Invalid file: admin/errors/error_404.php
#0 /Applications/MAMP/htdocs/CI/venus-shop/vendor/codeigniter4/framework/system/View/View.php(213): CodeIgniter\Exceptions\FrameworkException::forInvalidFile('admin/errors/er...')
#1 /Applications/MAMP/htdocs/CI/venus-shop/vendor/codeigniter4/framework/system/Common.php(1271): CodeIgniter\View\View->render('admin/errors/er...', Array, true)
#2 /Applications/MAMP/htdocs/CI/venus-shop/app/Config/Routes.php(134): view('admin/errors/er...')
#3 /Applications/MAMP/htdocs/CI/venus-shop/vendor/codeigniter4/framework/system/CodeIgniter.php(951): CodeIgniter\CodeIgniter->Config\{closure}('Controller or i...')
#4 /Applications/MAMP/htdocs/CI/venus-shop/vendor/codeigniter4/framework/system/CodeIgniter.php(353): CodeIgniter\CodeIgniter->display404errors(Object(CodeIgniter\Exceptions\PageNotFoundException))
#5 /Applications/MAMP/htdocs/CI/venus-shop/index.php(37): CodeIgniter\CodeIgniter->run()
#6 {main}
CRITICAL - 2021-08-24 04:51:56 --> Uncaught ErrorException: Undefined variable: viewFile in /Applications/MAMP/htdocs/CI/venus-shop/vendor/codeigniter4/framework/system/Debug/Exceptions.php:278
Stack trace:
#0 /Applications/MAMP/htdocs/CI/venus-shop/vendor/codeigniter4/framework/system/Debug/Exceptions.php(278): CodeIgniter\Debug\Exceptions->errorHandler(8, 'Undefined varia...', '/Applications/M...', 278, Array)
#1 /Applications/MAMP/htdocs/CI/venus-shop/vendor/codeigniter4/framework/system/Debug/Exceptions.php(278): include()
#2 /Applications/MAMP/htdocs/CI/venus-shop/vendor/codeigniter4/framework/system/Debug/Exceptions.php(147): CodeIgniter\Debug\Exceptions->render(Object(CodeIgniter\View\Exceptions\ViewException), 500)
#3 [internal function]: CodeIgniter\Debug\Exceptions->exceptionHandler(Object(CodeIgniter\View\Exceptions\ViewException))
#4 {main}
  thrown
#0 [internal function]: CodeIgniter\Debug\Exceptions->shutdownHandler()
#1 {main}
CRITICAL - 2021-08-24 04:51:56 --> Invalid file: admin/errors/error_404.php
#0 /Applications/MAMP/htdocs/CI/venus-shop/vendor/codeigniter4/framework/system/View/View.php(213): CodeIgniter\Exceptions\FrameworkException::forInvalidFile('admin/errors/er...')
#1 /Applications/MAMP/htdocs/CI/venus-shop/vendor/codeigniter4/framework/system/Common.php(1271): CodeIgniter\View\View->render('admin/errors/er...', Array, true)
#2 /Applications/MAMP/htdocs/CI/venus-shop/app/Config/Routes.php(134): view('admin/errors/er...')
#3 /Applications/MAMP/htdocs/CI/venus-shop/vendor/codeigniter4/framework/system/CodeIgniter.php(951): CodeIgniter\CodeIgniter->Config\{closure}('Controller or i...')
#4 /Applications/MAMP/htdocs/CI/venus-shop/vendor/codeigniter4/framework/system/CodeIgniter.php(353): CodeIgniter\CodeIgniter->display404errors(Object(CodeIgniter\Exceptions\PageNotFoundException))
#5 /Applications/MAMP/htdocs/CI/venus-shop/index.php(37): CodeIgniter\CodeIgniter->run()
#6 {main}
CRITICAL - 2021-08-24 04:51:56 --> Uncaught ErrorException: Undefined variable: viewFile in /Applications/MAMP/htdocs/CI/venus-shop/vendor/codeigniter4/framework/system/Debug/Exceptions.php:278
Stack trace:
#0 /Applications/MAMP/htdocs/CI/venus-shop/vendor/codeigniter4/framework/system/Debug/Exceptions.php(278): CodeIgniter\Debug\Exceptions->errorHandler(8, 'Undefined varia...', '/Applications/M...', 278, Array)
#1 /Applications/MAMP/htdocs/CI/venus-shop/vendor/codeigniter4/framework/system/Debug/Exceptions.php(278): include()
#2 /Applications/MAMP/htdocs/CI/venus-shop/vendor/codeigniter4/framework/system/Debug/Exceptions.php(147): CodeIgniter\Debug\Exceptions->render(Object(CodeIgniter\View\Exceptions\ViewException), 500)
#3 [internal function]: CodeIgniter\Debug\Exceptions->exceptionHandler(Object(CodeIgniter\View\Exceptions\ViewException))
#4 {main}
  thrown
#0 [internal function]: CodeIgniter\Debug\Exceptions->shutdownHandler()
#1 {main}
CRITICAL - 2021-08-24 04:51:56 --> Invalid file: admin/errors/error_404.php
#0 /Applications/MAMP/htdocs/CI/venus-shop/vendor/codeigniter4/framework/system/View/View.php(213): CodeIgniter\Exceptions\FrameworkException::forInvalidFile('admin/errors/er...')
#1 /Applications/MAMP/htdocs/CI/venus-shop/vendor/codeigniter4/framework/system/Common.php(1271): CodeIgniter\View\View->render('admin/errors/er...', Array, true)
#2 /Applications/MAMP/htdocs/CI/venus-shop/app/Config/Routes.php(134): view('admin/errors/er...')
#3 /Applications/MAMP/htdocs/CI/venus-shop/vendor/codeigniter4/framework/system/CodeIgniter.php(951): CodeIgniter\CodeIgniter->Config\{closure}('Controller or i...')
#4 /Applications/MAMP/htdocs/CI/venus-shop/vendor/codeigniter4/framework/system/CodeIgniter.php(353): CodeIgniter\CodeIgniter->display404errors(Object(CodeIgniter\Exceptions\PageNotFoundException))
#5 /Applications/MAMP/htdocs/CI/venus-shop/index.php(37): CodeIgniter\CodeIgniter->run()
#6 {main}
CRITICAL - 2021-08-24 04:51:56 --> Uncaught ErrorException: Undefined variable: viewFile in /Applications/MAMP/htdocs/CI/venus-shop/vendor/codeigniter4/framework/system/Debug/Exceptions.php:278
Stack trace:
#0 /Applications/MAMP/htdocs/CI/venus-shop/vendor/codeigniter4/framework/system/Debug/Exceptions.php(278): CodeIgniter\Debug\Exceptions->errorHandler(8, 'Undefined varia...', '/Applications/M...', 278, Array)
#1 /Applications/MAMP/htdocs/CI/venus-shop/vendor/codeigniter4/framework/system/Debug/Exceptions.php(278): include()
#2 /Applications/MAMP/htdocs/CI/venus-shop/vendor/codeigniter4/framework/system/Debug/Exceptions.php(147): CodeIgniter\Debug\Exceptions->render(Object(CodeIgniter\View\Exceptions\ViewException), 500)
#3 [internal function]: CodeIgniter\Debug\Exceptions->exceptionHandler(Object(CodeIgniter\View\Exceptions\ViewException))
#4 {main}
  thrown
#0 [internal function]: CodeIgniter\Debug\Exceptions->shutdownHandler()
#1 {main}
CRITICAL - 2021-08-24 04:52:00 --> Invalid file: admin/errors/error_404.php
#0 /Applications/MAMP/htdocs/CI/venus-shop/vendor/codeigniter4/framework/system/View/View.php(213): CodeIgniter\Exceptions\FrameworkException::forInvalidFile('admin/errors/er...')
#1 /Applications/MAMP/htdocs/CI/venus-shop/vendor/codeigniter4/framework/system/Common.php(1271): CodeIgniter\View\View->render('admin/errors/er...', Array, true)
#2 /Applications/MAMP/htdocs/CI/venus-shop/app/Config/Routes.php(134): view('admin/errors/er...')
#3 /Applications/MAMP/htdocs/CI/venus-shop/vendor/codeigniter4/framework/system/CodeIgniter.php(951): CodeIgniter\CodeIgniter->Config\{closure}('Controller or i...')
#4 /Applications/MAMP/htdocs/CI/venus-shop/vendor/codeigniter4/framework/system/CodeIgniter.php(353): CodeIgniter\CodeIgniter->display404errors(Object(CodeIgniter\Exceptions\PageNotFoundException))
#5 /Applications/MAMP/htdocs/CI/venus-shop/index.php(37): CodeIgniter\CodeIgniter->run()
#6 {main}
CRITICAL - 2021-08-24 04:52:00 --> Uncaught ErrorException: Undefined variable: viewFile in /Applications/MAMP/htdocs/CI/venus-shop/vendor/codeigniter4/framework/system/Debug/Exceptions.php:278
Stack trace:
#0 /Applications/MAMP/htdocs/CI/venus-shop/vendor/codeigniter4/framework/system/Debug/Exceptions.php(278): CodeIgniter\Debug\Exceptions->errorHandler(8, 'Undefined varia...', '/Applications/M...', 278, Array)
#1 /Applications/MAMP/htdocs/CI/venus-shop/vendor/codeigniter4/framework/system/Debug/Exceptions.php(278): include()
#2 /Applications/MAMP/htdocs/CI/venus-shop/vendor/codeigniter4/framework/system/Debug/Exceptions.php(147): CodeIgniter\Debug\Exceptions->render(Object(CodeIgniter\View\Exceptions\ViewException), 500)
#3 [internal function]: CodeIgniter\Debug\Exceptions->exceptionHandler(Object(CodeIgniter\View\Exceptions\ViewException))
#4 {main}
  thrown
#0 [internal function]: CodeIgniter\Debug\Exceptions->shutdownHandler()
#1 {main}
