CRITICAL - 2021-07-19 12:56:44 --> Invalid argument supplied for foreach()
#0 /Applications/MAMP/htdocs/CI/venus-shop/app/Views/web/pages/home.php(15): CodeIgniter\Debug\Exceptions->errorHandler(2, 'Invalid argumen...', '/Applications/M...', 15, Array)
#1 /Applications/MAMP/htdocs/CI/venus-shop/vendor/codeigniter4/framework/system/View/View.php(230): include('/Applications/M...')
#2 /Applications/MAMP/htdocs/CI/venus-shop/vendor/codeigniter4/framework/system/View/View.php(232): CodeIgniter\View\View->CodeIgniter\View\{closure}()
#3 /Applications/MAMP/htdocs/CI/venus-shop/vendor/codeigniter4/framework/system/Common.php(1271): CodeIgniter\View\View->render('web/pages/home', Array, true)
#4 /Applications/MAMP/htdocs/CI/venus-shop/app/Controllers/Home.php(9): view('web/pages/home')
#5 /Applications/MAMP/htdocs/CI/venus-shop/vendor/codeigniter4/framework/system/CodeIgniter.php(928): App\Controllers\Home->index()
#6 /Applications/MAMP/htdocs/CI/venus-shop/vendor/codeigniter4/framework/system/CodeIgniter.php(436): CodeIgniter\CodeIgniter->runController(Object(App\Controllers\Home))
#7 /Applications/MAMP/htdocs/CI/venus-shop/vendor/codeigniter4/framework/system/CodeIgniter.php(336): CodeIgniter\CodeIgniter->handleRequest(NULL, Object(Config\Cache), false)
#8 /Applications/MAMP/htdocs/CI/venus-shop/index.php(37): CodeIgniter\CodeIgniter->run()
#9 {main}
CRITICAL - 2021-07-19 12:57:03 --> Undefined variable: all_featured_products
#0 /Applications/MAMP/htdocs/CI/venus-shop/app/Views/web/pages/home.php(15): CodeIgniter\Debug\Exceptions->errorHandler(8, 'Undefined varia...', '/Applications/M...', 15, Array)
#1 /Applications/MAMP/htdocs/CI/venus-shop/vendor/codeigniter4/framework/system/View/View.php(230): include('/Applications/M...')
#2 /Applications/MAMP/htdocs/CI/venus-shop/vendor/codeigniter4/framework/system/View/View.php(232): CodeIgniter\View\View->CodeIgniter\View\{closure}()
#3 /Applications/MAMP/htdocs/CI/venus-shop/vendor/codeigniter4/framework/system/Common.php(1271): CodeIgniter\View\View->render('web/pages/home', Array, true)
#4 /Applications/MAMP/htdocs/CI/venus-shop/app/Controllers/Home.php(9): view('web/pages/home')
#5 /Applications/MAMP/htdocs/CI/venus-shop/vendor/codeigniter4/framework/system/CodeIgniter.php(928): App\Controllers\Home->index()
#6 /Applications/MAMP/htdocs/CI/venus-shop/vendor/codeigniter4/framework/system/CodeIgniter.php(436): CodeIgniter\CodeIgniter->runController(Object(App\Controllers\Home))
#7 /Applications/MAMP/htdocs/CI/venus-shop/vendor/codeigniter4/framework/system/CodeIgniter.php(336): CodeIgniter\CodeIgniter->handleRequest(NULL, Object(Config\Cache), false)
#8 /Applications/MAMP/htdocs/CI/venus-shop/index.php(37): CodeIgniter\CodeIgniter->run()
#9 {main}
CRITICAL - 2021-07-19 13:06:57 --> Undefined variable: all_featured_products
#0 /Applications/MAMP/htdocs/CI/venus-shop/app/Views/web/pages/home.php(17): CodeIgniter\Debug\Exceptions->errorHandler(8, 'Undefined varia...', '/Applications/M...', 17, Array)
#1 /Applications/MAMP/htdocs/CI/venus-shop/vendor/codeigniter4/framework/system/View/View.php(230): include('/Applications/M...')
#2 /Applications/MAMP/htdocs/CI/venus-shop/vendor/codeigniter4/framework/system/View/View.php(232): CodeIgniter\View\View->CodeIgniter\View\{closure}()
#3 /Applications/MAMP/htdocs/CI/venus-shop/vendor/codeigniter4/framework/system/Common.php(1271): CodeIgniter\View\View->render('web/pages/home', Array, true)
#4 /Applications/MAMP/htdocs/CI/venus-shop/app/Controllers/Home.php(9): view('web/pages/home')
#5 /Applications/MAMP/htdocs/CI/venus-shop/vendor/codeigniter4/framework/system/CodeIgniter.php(928): App\Controllers\Home->index()
#6 /Applications/MAMP/htdocs/CI/venus-shop/vendor/codeigniter4/framework/system/CodeIgniter.php(436): CodeIgniter\CodeIgniter->runController(Object(App\Controllers\Home))
#7 /Applications/MAMP/htdocs/CI/venus-shop/vendor/codeigniter4/framework/system/CodeIgniter.php(336): CodeIgniter\CodeIgniter->handleRequest(NULL, Object(Config\Cache), false)
#8 /Applications/MAMP/htdocs/CI/venus-shop/index.php(37): CodeIgniter\CodeIgniter->run()
#9 {main}
CRITICAL - 2021-07-19 13:07:18 --> Invalid file: web/pages/layouts/main_layout.php
#0 /Applications/MAMP/htdocs/CI/venus-shop/vendor/codeigniter4/framework/system/View/View.php(213): CodeIgniter\Exceptions\FrameworkException::forInvalidFile('web/pages/layou...')
#1 /Applications/MAMP/htdocs/CI/venus-shop/vendor/codeigniter4/framework/system/View/View.php(246): CodeIgniter\View\View->render('web/pages/layou...', Array, true)
#2 /Applications/MAMP/htdocs/CI/venus-shop/vendor/codeigniter4/framework/system/Common.php(1271): CodeIgniter\View\View->render('web/pages/home', Array, true)
#3 /Applications/MAMP/htdocs/CI/venus-shop/app/Controllers/Home.php(9): view('web/pages/home')
#4 /Applications/MAMP/htdocs/CI/venus-shop/vendor/codeigniter4/framework/system/CodeIgniter.php(928): App\Controllers\Home->index()
#5 /Applications/MAMP/htdocs/CI/venus-shop/vendor/codeigniter4/framework/system/CodeIgniter.php(436): CodeIgniter\CodeIgniter->runController(Object(App\Controllers\Home))
#6 /Applications/MAMP/htdocs/CI/venus-shop/vendor/codeigniter4/framework/system/CodeIgniter.php(336): CodeIgniter\CodeIgniter->handleRequest(NULL, Object(Config\Cache), false)
#7 /Applications/MAMP/htdocs/CI/venus-shop/index.php(37): CodeIgniter\CodeIgniter->run()
#8 {main}
CRITICAL - 2021-07-19 13:08:27 --> Invalid file: layouts/main_layout.php
#0 /Applications/MAMP/htdocs/CI/venus-shop/vendor/codeigniter4/framework/system/View/View.php(213): CodeIgniter\Exceptions\FrameworkException::forInvalidFile('layouts/main_la...')
#1 /Applications/MAMP/htdocs/CI/venus-shop/vendor/codeigniter4/framework/system/View/View.php(246): CodeIgniter\View\View->render('layouts/main_la...', Array, true)
#2 /Applications/MAMP/htdocs/CI/venus-shop/vendor/codeigniter4/framework/system/Common.php(1271): CodeIgniter\View\View->render('web/pages/home', Array, true)
#3 /Applications/MAMP/htdocs/CI/venus-shop/app/Controllers/Home.php(9): view('web/pages/home')
#4 /Applications/MAMP/htdocs/CI/venus-shop/vendor/codeigniter4/framework/system/CodeIgniter.php(928): App\Controllers\Home->index()
#5 /Applications/MAMP/htdocs/CI/venus-shop/vendor/codeigniter4/framework/system/CodeIgniter.php(436): CodeIgniter\CodeIgniter->runController(Object(App\Controllers\Home))
#6 /Applications/MAMP/htdocs/CI/venus-shop/vendor/codeigniter4/framework/system/CodeIgniter.php(336): CodeIgniter\CodeIgniter->handleRequest(NULL, Object(Config\Cache), false)
#7 /Applications/MAMP/htdocs/CI/venus-shop/index.php(37): CodeIgniter\CodeIgniter->run()
#8 {main}
CRITICAL - 2021-07-19 13:08:38 --> Invalid file: web/pages/layouts/main_layout.php
#0 /Applications/MAMP/htdocs/CI/venus-shop/vendor/codeigniter4/framework/system/View/View.php(213): CodeIgniter\Exceptions\FrameworkException::forInvalidFile('web/pages/layou...')
#1 /Applications/MAMP/htdocs/CI/venus-shop/vendor/codeigniter4/framework/system/View/View.php(246): CodeIgniter\View\View->render('web/pages/layou...', Array, true)
#2 /Applications/MAMP/htdocs/CI/venus-shop/vendor/codeigniter4/framework/system/Common.php(1271): CodeIgniter\View\View->render('web/pages/home', Array, true)
#3 /Applications/MAMP/htdocs/CI/venus-shop/app/Controllers/Home.php(9): view('web/pages/home')
#4 /Applications/MAMP/htdocs/CI/venus-shop/vendor/codeigniter4/framework/system/CodeIgniter.php(928): App\Controllers\Home->index()
#5 /Applications/MAMP/htdocs/CI/venus-shop/vendor/codeigniter4/framework/system/CodeIgniter.php(436): CodeIgniter\CodeIgniter->runController(Object(App\Controllers\Home))
#6 /Applications/MAMP/htdocs/CI/venus-shop/vendor/codeigniter4/framework/system/CodeIgniter.php(336): CodeIgniter\CodeIgniter->handleRequest(NULL, Object(Config\Cache), false)
#7 /Applications/MAMP/htdocs/CI/venus-shop/index.php(37): CodeIgniter\CodeIgniter->run()
#8 {main}
CRITICAL - 2021-07-19 13:09:17 --> Undefined property: CodeIgniter\View\View::$cart
#0 /Applications/MAMP/htdocs/CI/venus-shop/app/Views/web/inc/header.php(17): CodeIgniter\Debug\Exceptions->errorHandler(8, 'Undefined prope...', '/Applications/M...', 17, Array)
#1 /Applications/MAMP/htdocs/CI/venus-shop/vendor/codeigniter4/framework/system/View/View.php(230): include('/Applications/M...')
#2 /Applications/MAMP/htdocs/CI/venus-shop/vendor/codeigniter4/framework/system/View/View.php(232): CodeIgniter\View\View->CodeIgniter\View\{closure}()
#3 /Applications/MAMP/htdocs/CI/venus-shop/vendor/codeigniter4/framework/system/View/View.php(487): CodeIgniter\View\View->render('web/inc/header', NULL, true)
#4 /Applications/MAMP/htdocs/CI/venus-shop/app/Views/web/layouts/main_layout.php(11): CodeIgniter\View\View->include('web/inc/header')
#5 /Applications/MAMP/htdocs/CI/venus-shop/vendor/codeigniter4/framework/system/View/View.php(230): include('/Applications/M...')
#6 /Applications/MAMP/htdocs/CI/venus-shop/vendor/codeigniter4/framework/system/View/View.php(232): CodeIgniter\View\View->CodeIgniter\View\{closure}()
#7 /Applications/MAMP/htdocs/CI/venus-shop/vendor/codeigniter4/framework/system/View/View.php(246): CodeIgniter\View\View->render('web/layouts/mai...', Array, true)
#8 /Applications/MAMP/htdocs/CI/venus-shop/vendor/codeigniter4/framework/system/Common.php(1271): CodeIgniter\View\View->render('web/pages/home', Array, true)
#9 /Applications/MAMP/htdocs/CI/venus-shop/app/Controllers/Home.php(9): view('web/pages/home')
#10 /Applications/MAMP/htdocs/CI/venus-shop/vendor/codeigniter4/framework/system/CodeIgniter.php(928): App\Controllers\Home->index()
#11 /Applications/MAMP/htdocs/CI/venus-shop/vendor/codeigniter4/framework/system/CodeIgniter.php(436): CodeIgniter\CodeIgniter->runController(Object(App\Controllers\Home))
#12 /Applications/MAMP/htdocs/CI/venus-shop/vendor/codeigniter4/framework/system/CodeIgniter.php(336): CodeIgniter\CodeIgniter->handleRequest(NULL, Object(Config\Cache), false)
#13 /Applications/MAMP/htdocs/CI/venus-shop/index.php(37): CodeIgniter\CodeIgniter->run()
#14 {main}
CRITICAL - 2021-07-19 13:10:03 --> Undefined property: CodeIgniter\View\View::$session
#0 /Applications/MAMP/htdocs/CI/venus-shop/app/Views/web/inc/header.php(22): CodeIgniter\Debug\Exceptions->errorHandler(8, 'Undefined prope...', '/Applications/M...', 22, Array)
#1 /Applications/MAMP/htdocs/CI/venus-shop/vendor/codeigniter4/framework/system/View/View.php(230): include('/Applications/M...')
#2 /Applications/MAMP/htdocs/CI/venus-shop/vendor/codeigniter4/framework/system/View/View.php(232): CodeIgniter\View\View->CodeIgniter\View\{closure}()
#3 /Applications/MAMP/htdocs/CI/venus-shop/vendor/codeigniter4/framework/system/View/View.php(487): CodeIgniter\View\View->render('web/inc/header', NULL, true)
#4 /Applications/MAMP/htdocs/CI/venus-shop/app/Views/web/layouts/main_layout.php(11): CodeIgniter\View\View->include('web/inc/header')
#5 /Applications/MAMP/htdocs/CI/venus-shop/vendor/codeigniter4/framework/system/View/View.php(230): include('/Applications/M...')
#6 /Applications/MAMP/htdocs/CI/venus-shop/vendor/codeigniter4/framework/system/View/View.php(232): CodeIgniter\View\View->CodeIgniter\View\{closure}()
#7 /Applications/MAMP/htdocs/CI/venus-shop/vendor/codeigniter4/framework/system/View/View.php(246): CodeIgniter\View\View->render('web/layouts/mai...', Array, true)
#8 /Applications/MAMP/htdocs/CI/venus-shop/vendor/codeigniter4/framework/system/Common.php(1271): CodeIgniter\View\View->render('web/pages/home', Array, true)
#9 /Applications/MAMP/htdocs/CI/venus-shop/app/Controllers/Home.php(9): view('web/pages/home')
#10 /Applications/MAMP/htdocs/CI/venus-shop/vendor/codeigniter4/framework/system/CodeIgniter.php(928): App\Controllers\Home->index()
#11 /Applications/MAMP/htdocs/CI/venus-shop/vendor/codeigniter4/framework/system/CodeIgniter.php(436): CodeIgniter\CodeIgniter->runController(Object(App\Controllers\Home))
#12 /Applications/MAMP/htdocs/CI/venus-shop/vendor/codeigniter4/framework/system/CodeIgniter.php(336): CodeIgniter\CodeIgniter->handleRequest(NULL, Object(Config\Cache), false)
#13 /Applications/MAMP/htdocs/CI/venus-shop/index.php(37): CodeIgniter\CodeIgniter->run()
#14 {main}
CRITICAL - 2021-07-19 13:10:40 --> Undefined property: CodeIgniter\View\View::$uri
#0 /Applications/MAMP/htdocs/CI/venus-shop/app/Views/web/inc/header.php(34): CodeIgniter\Debug\Exceptions->errorHandler(8, 'Undefined prope...', '/Applications/M...', 34, Array)
#1 /Applications/MAMP/htdocs/CI/venus-shop/vendor/codeigniter4/framework/system/View/View.php(230): include('/Applications/M...')
#2 /Applications/MAMP/htdocs/CI/venus-shop/vendor/codeigniter4/framework/system/View/View.php(232): CodeIgniter\View\View->CodeIgniter\View\{closure}()
#3 /Applications/MAMP/htdocs/CI/venus-shop/vendor/codeigniter4/framework/system/View/View.php(487): CodeIgniter\View\View->render('web/inc/header', NULL, true)
#4 /Applications/MAMP/htdocs/CI/venus-shop/app/Views/web/layouts/main_layout.php(11): CodeIgniter\View\View->include('web/inc/header')
#5 /Applications/MAMP/htdocs/CI/venus-shop/vendor/codeigniter4/framework/system/View/View.php(230): include('/Applications/M...')
#6 /Applications/MAMP/htdocs/CI/venus-shop/vendor/codeigniter4/framework/system/View/View.php(232): CodeIgniter\View\View->CodeIgniter\View\{closure}()
#7 /Applications/MAMP/htdocs/CI/venus-shop/vendor/codeigniter4/framework/system/View/View.php(246): CodeIgniter\View\View->render('web/layouts/mai...', Array, true)
#8 /Applications/MAMP/htdocs/CI/venus-shop/vendor/codeigniter4/framework/system/Common.php(1271): CodeIgniter\View\View->render('web/pages/home', Array, true)
#9 /Applications/MAMP/htdocs/CI/venus-shop/app/Controllers/Home.php(9): view('web/pages/home')
#10 /Applications/MAMP/htdocs/CI/venus-shop/vendor/codeigniter4/framework/system/CodeIgniter.php(928): App\Controllers\Home->index()
#11 /Applications/MAMP/htdocs/CI/venus-shop/vendor/codeigniter4/framework/system/CodeIgniter.php(436): CodeIgniter\CodeIgniter->runController(Object(App\Controllers\Home))
#12 /Applications/MAMP/htdocs/CI/venus-shop/vendor/codeigniter4/framework/system/CodeIgniter.php(336): CodeIgniter\CodeIgniter->handleRequest(NULL, Object(Config\Cache), false)
#13 /Applications/MAMP/htdocs/CI/venus-shop/index.php(37): CodeIgniter\CodeIgniter->run()
#14 {main}
CRITICAL - 2021-07-19 13:24:50 --> Undefined index: PATH_INFO
#0 /Applications/MAMP/htdocs/CI/venus-shop/app/Views/web/inc/header.php(33): CodeIgniter\Debug\Exceptions->errorHandler(8, 'Undefined index...', '/Applications/M...', 33, Array)
#1 /Applications/MAMP/htdocs/CI/venus-shop/vendor/codeigniter4/framework/system/View/View.php(230): include('/Applications/M...')
#2 /Applications/MAMP/htdocs/CI/venus-shop/vendor/codeigniter4/framework/system/View/View.php(232): CodeIgniter\View\View->CodeIgniter\View\{closure}()
#3 /Applications/MAMP/htdocs/CI/venus-shop/vendor/codeigniter4/framework/system/View/View.php(487): CodeIgniter\View\View->render('web/inc/header', NULL, true)
#4 /Applications/MAMP/htdocs/CI/venus-shop/app/Views/web/layouts/main_layout.php(11): CodeIgniter\View\View->include('web/inc/header')
#5 /Applications/MAMP/htdocs/CI/venus-shop/vendor/codeigniter4/framework/system/View/View.php(230): include('/Applications/M...')
#6 /Applications/MAMP/htdocs/CI/venus-shop/vendor/codeigniter4/framework/system/View/View.php(232): CodeIgniter\View\View->CodeIgniter\View\{closure}()
#7 /Applications/MAMP/htdocs/CI/venus-shop/vendor/codeigniter4/framework/system/View/View.php(246): CodeIgniter\View\View->render('web/layouts/mai...', Array, true)
#8 /Applications/MAMP/htdocs/CI/venus-shop/vendor/codeigniter4/framework/system/Common.php(1271): CodeIgniter\View\View->render('web/pages/home', Array, true)
#9 /Applications/MAMP/htdocs/CI/venus-shop/app/Controllers/Home.php(9): view('web/pages/home')
#10 /Applications/MAMP/htdocs/CI/venus-shop/vendor/codeigniter4/framework/system/CodeIgniter.php(928): App\Controllers\Home->index()
#11 /Applications/MAMP/htdocs/CI/venus-shop/vendor/codeigniter4/framework/system/CodeIgniter.php(436): CodeIgniter\CodeIgniter->runController(Object(App\Controllers\Home))
#12 /Applications/MAMP/htdocs/CI/venus-shop/vendor/codeigniter4/framework/system/CodeIgniter.php(336): CodeIgniter\CodeIgniter->handleRequest(NULL, Object(Config\Cache), false)
#13 /Applications/MAMP/htdocs/CI/venus-shop/index.php(37): CodeIgniter\CodeIgniter->run()
#14 {main}
CRITICAL - 2021-07-19 14:29:39 --> Undefined property: CodeIgniter\View\View::$web_model
#0 /Applications/MAMP/htdocs/CI/venus-shop/app/Views/web/inc/slider.php(4): CodeIgniter\Debug\Exceptions->errorHandler(8, 'Undefined prope...', '/Applications/M...', 4, Array)
#1 /Applications/MAMP/htdocs/CI/venus-shop/vendor/codeigniter4/framework/system/View/View.php(230): include('/Applications/M...')
#2 /Applications/MAMP/htdocs/CI/venus-shop/vendor/codeigniter4/framework/system/View/View.php(232): CodeIgniter\View\View->CodeIgniter\View\{closure}()
#3 /Applications/MAMP/htdocs/CI/venus-shop/vendor/codeigniter4/framework/system/View/View.php(487): CodeIgniter\View\View->render('web/inc/slider', NULL, true)
#4 /Applications/MAMP/htdocs/CI/venus-shop/app/Views/web/pages/home.php(3): CodeIgniter\View\View->include('web/inc/slider')
#5 /Applications/MAMP/htdocs/CI/venus-shop/vendor/codeigniter4/framework/system/View/View.php(230): include('/Applications/M...')
#6 /Applications/MAMP/htdocs/CI/venus-shop/vendor/codeigniter4/framework/system/View/View.php(232): CodeIgniter\View\View->CodeIgniter\View\{closure}()
#7 /Applications/MAMP/htdocs/CI/venus-shop/vendor/codeigniter4/framework/system/Common.php(1271): CodeIgniter\View\View->render('web/pages/home', Array, true)
#8 /Applications/MAMP/htdocs/CI/venus-shop/app/Controllers/Home.php(9): view('web/pages/home')
#9 /Applications/MAMP/htdocs/CI/venus-shop/vendor/codeigniter4/framework/system/CodeIgniter.php(928): App\Controllers\Home->index()
#10 /Applications/MAMP/htdocs/CI/venus-shop/vendor/codeigniter4/framework/system/CodeIgniter.php(436): CodeIgniter\CodeIgniter->runController(Object(App\Controllers\Home))
#11 /Applications/MAMP/htdocs/CI/venus-shop/vendor/codeigniter4/framework/system/CodeIgniter.php(336): CodeIgniter\CodeIgniter->handleRequest(NULL, Object(Config\Cache), false)
#12 /Applications/MAMP/htdocs/CI/venus-shop/index.php(37): CodeIgniter\CodeIgniter->run()
#13 {main}
CRITICAL - 2021-07-19 14:54:28 --> Object of class App\Models\WebModel could not be converted to string
#0 /Applications/MAMP/htdocs/CI/venus-shop/app/Models/WebModel.php(51): CodeIgniter\Debug\Exceptions->errorHandler(4096, 'Object of class...', '/Applications/M...', 51, Array)
#1 /Applications/MAMP/htdocs/CI/venus-shop/app/Controllers/Home.php(12): App\Models\WebModel->get_popular_products()
#2 /Applications/MAMP/htdocs/CI/venus-shop/vendor/codeigniter4/framework/system/CodeIgniter.php(928): App\Controllers\Home->index()
#3 /Applications/MAMP/htdocs/CI/venus-shop/vendor/codeigniter4/framework/system/CodeIgniter.php(436): CodeIgniter\CodeIgniter->runController(Object(App\Controllers\Home))
#4 /Applications/MAMP/htdocs/CI/venus-shop/vendor/codeigniter4/framework/system/CodeIgniter.php(336): CodeIgniter\CodeIgniter->handleRequest(NULL, Object(Config\Cache), false)
#5 /Applications/MAMP/htdocs/CI/venus-shop/index.php(37): CodeIgniter\CodeIgniter->run()
#6 {main}
CRITICAL - 2021-07-19 14:55:29 --> Object of class App\Models\WebModel could not be converted to string
#0 /Applications/MAMP/htdocs/CI/venus-shop/app/Models/WebModel.php(51): CodeIgniter\Debug\Exceptions->errorHandler(4096, 'Object of class...', '/Applications/M...', 51, Array)
#1 /Applications/MAMP/htdocs/CI/venus-shop/app/Controllers/Home.php(12): App\Models\WebModel->get_popular_products()
#2 /Applications/MAMP/htdocs/CI/venus-shop/vendor/codeigniter4/framework/system/CodeIgniter.php(928): App\Controllers\Home->index()
#3 /Applications/MAMP/htdocs/CI/venus-shop/vendor/codeigniter4/framework/system/CodeIgniter.php(436): CodeIgniter\CodeIgniter->runController(Object(App\Controllers\Home))
#4 /Applications/MAMP/htdocs/CI/venus-shop/vendor/codeigniter4/framework/system/CodeIgniter.php(336): CodeIgniter\CodeIgniter->handleRequest(NULL, Object(Config\Cache), false)
#5 /Applications/MAMP/htdocs/CI/venus-shop/index.php(37): CodeIgniter\CodeIgniter->run()
#6 {main}
CRITICAL - 2021-07-19 14:56:09 --> Call to a member function select() on null
#0 /Applications/MAMP/htdocs/CI/venus-shop/app/Controllers/Home.php(12): App\Models\WebModel->get_popular_products()
#1 /Applications/MAMP/htdocs/CI/venus-shop/vendor/codeigniter4/framework/system/CodeIgniter.php(928): App\Controllers\Home->index()
#2 /Applications/MAMP/htdocs/CI/venus-shop/vendor/codeigniter4/framework/system/CodeIgniter.php(436): CodeIgniter\CodeIgniter->runController(Object(App\Controllers\Home))
#3 /Applications/MAMP/htdocs/CI/venus-shop/vendor/codeigniter4/framework/system/CodeIgniter.php(336): CodeIgniter\CodeIgniter->handleRequest(NULL, Object(Config\Cache), false)
#4 /Applications/MAMP/htdocs/CI/venus-shop/index.php(37): CodeIgniter\CodeIgniter->run()
#5 {main}
CRITICAL - 2021-07-19 14:57:35 --> Call to a member function where() on null
#0 /Applications/MAMP/htdocs/CI/venus-shop/app/Controllers/Home.php(12): App\Models\WebModel->get_popular_products()
#1 /Applications/MAMP/htdocs/CI/venus-shop/vendor/codeigniter4/framework/system/CodeIgniter.php(928): App\Controllers\Home->index()
#2 /Applications/MAMP/htdocs/CI/venus-shop/vendor/codeigniter4/framework/system/CodeIgniter.php(436): CodeIgniter\CodeIgniter->runController(Object(App\Controllers\Home))
#3 /Applications/MAMP/htdocs/CI/venus-shop/vendor/codeigniter4/framework/system/CodeIgniter.php(336): CodeIgniter\CodeIgniter->handleRequest(NULL, Object(Config\Cache), false)
#4 /Applications/MAMP/htdocs/CI/venus-shop/index.php(37): CodeIgniter\CodeIgniter->run()
#5 {main}
CRITICAL - 2021-07-19 14:57:45 --> Call to a member function where() on null
#0 /Applications/MAMP/htdocs/CI/venus-shop/app/Controllers/Home.php(12): App\Models\WebModel->get_popular_products()
#1 /Applications/MAMP/htdocs/CI/venus-shop/vendor/codeigniter4/framework/system/CodeIgniter.php(928): App\Controllers\Home->index()
#2 /Applications/MAMP/htdocs/CI/venus-shop/vendor/codeigniter4/framework/system/CodeIgniter.php(436): CodeIgniter\CodeIgniter->runController(Object(App\Controllers\Home))
#3 /Applications/MAMP/htdocs/CI/venus-shop/vendor/codeigniter4/framework/system/CodeIgniter.php(336): CodeIgniter\CodeIgniter->handleRequest(NULL, Object(Config\Cache), false)
#4 /Applications/MAMP/htdocs/CI/venus-shop/index.php(37): CodeIgniter\CodeIgniter->run()
#5 {main}
CRITICAL - 2021-07-19 14:59:10 --> Undefined variable: popular_products
#0 /Applications/MAMP/htdocs/CI/venus-shop/app/Views/web/pages/home.php(11): CodeIgniter\Debug\Exceptions->errorHandler(8, 'Undefined varia...', '/Applications/M...', 11, Array)
#1 /Applications/MAMP/htdocs/CI/venus-shop/vendor/codeigniter4/framework/system/View/View.php(230): include('/Applications/M...')
#2 /Applications/MAMP/htdocs/CI/venus-shop/vendor/codeigniter4/framework/system/View/View.php(232): CodeIgniter\View\View->CodeIgniter\View\{closure}()
#3 /Applications/MAMP/htdocs/CI/venus-shop/vendor/codeigniter4/framework/system/Common.php(1271): CodeIgniter\View\View->render('web/pages/home', Array, true)
#4 /Applications/MAMP/htdocs/CI/venus-shop/app/Controllers/Home.php(14): view('web/pages/home')
#5 /Applications/MAMP/htdocs/CI/venus-shop/vendor/codeigniter4/framework/system/CodeIgniter.php(928): App\Controllers\Home->index()
#6 /Applications/MAMP/htdocs/CI/venus-shop/vendor/codeigniter4/framework/system/CodeIgniter.php(436): CodeIgniter\CodeIgniter->runController(Object(App\Controllers\Home))
#7 /Applications/MAMP/htdocs/CI/venus-shop/vendor/codeigniter4/framework/system/CodeIgniter.php(336): CodeIgniter\CodeIgniter->handleRequest(NULL, Object(Config\Cache), false)
#8 /Applications/MAMP/htdocs/CI/venus-shop/index.php(37): CodeIgniter\CodeIgniter->run()
#9 {main}
CRITICAL - 2021-07-19 15:00:17 --> Undefined variable: popular_products
#0 /Applications/MAMP/htdocs/CI/venus-shop/app/Views/web/pages/home.php(11): CodeIgniter\Debug\Exceptions->errorHandler(8, 'Undefined varia...', '/Applications/M...', 11, Array)
#1 /Applications/MAMP/htdocs/CI/venus-shop/vendor/codeigniter4/framework/system/View/View.php(230): include('/Applications/M...')
#2 /Applications/MAMP/htdocs/CI/venus-shop/vendor/codeigniter4/framework/system/View/View.php(232): CodeIgniter\View\View->CodeIgniter\View\{closure}()
#3 /Applications/MAMP/htdocs/CI/venus-shop/vendor/codeigniter4/framework/system/Common.php(1271): CodeIgniter\View\View->render('web/pages/home', Array, true)
#4 /Applications/MAMP/htdocs/CI/venus-shop/app/Controllers/Home.php(14): view('web/pages/home', Array)
#5 /Applications/MAMP/htdocs/CI/venus-shop/vendor/codeigniter4/framework/system/CodeIgniter.php(928): App\Controllers\Home->index()
#6 /Applications/MAMP/htdocs/CI/venus-shop/vendor/codeigniter4/framework/system/CodeIgniter.php(436): CodeIgniter\CodeIgniter->runController(Object(App\Controllers\Home))
#7 /Applications/MAMP/htdocs/CI/venus-shop/vendor/codeigniter4/framework/system/CodeIgniter.php(336): CodeIgniter\CodeIgniter->handleRequest(NULL, Object(Config\Cache), false)
#8 /Applications/MAMP/htdocs/CI/venus-shop/index.php(37): CodeIgniter\CodeIgniter->run()
#9 {main}
CRITICAL - 2021-07-19 15:00:18 --> Undefined variable: popular_products
#0 /Applications/MAMP/htdocs/CI/venus-shop/app/Views/web/pages/home.php(11): CodeIgniter\Debug\Exceptions->errorHandler(8, 'Undefined varia...', '/Applications/M...', 11, Array)
#1 /Applications/MAMP/htdocs/CI/venus-shop/vendor/codeigniter4/framework/system/View/View.php(230): include('/Applications/M...')
#2 /Applications/MAMP/htdocs/CI/venus-shop/vendor/codeigniter4/framework/system/View/View.php(232): CodeIgniter\View\View->CodeIgniter\View\{closure}()
#3 /Applications/MAMP/htdocs/CI/venus-shop/vendor/codeigniter4/framework/system/Common.php(1271): CodeIgniter\View\View->render('web/pages/home', Array, true)
#4 /Applications/MAMP/htdocs/CI/venus-shop/app/Controllers/Home.php(14): view('web/pages/home', Array)
#5 /Applications/MAMP/htdocs/CI/venus-shop/vendor/codeigniter4/framework/system/CodeIgniter.php(928): App\Controllers\Home->index()
#6 /Applications/MAMP/htdocs/CI/venus-shop/vendor/codeigniter4/framework/system/CodeIgniter.php(436): CodeIgniter\CodeIgniter->runController(Object(App\Controllers\Home))
#7 /Applications/MAMP/htdocs/CI/venus-shop/vendor/codeigniter4/framework/system/CodeIgniter.php(336): CodeIgniter\CodeIgniter->handleRequest(NULL, Object(Config\Cache), false)
#8 /Applications/MAMP/htdocs/CI/venus-shop/index.php(37): CodeIgniter\CodeIgniter->run()
#9 {main}
CRITICAL - 2021-07-19 15:00:18 --> Undefined variable: popular_products
#0 /Applications/MAMP/htdocs/CI/venus-shop/app/Views/web/pages/home.php(11): CodeIgniter\Debug\Exceptions->errorHandler(8, 'Undefined varia...', '/Applications/M...', 11, Array)
#1 /Applications/MAMP/htdocs/CI/venus-shop/vendor/codeigniter4/framework/system/View/View.php(230): include('/Applications/M...')
#2 /Applications/MAMP/htdocs/CI/venus-shop/vendor/codeigniter4/framework/system/View/View.php(232): CodeIgniter\View\View->CodeIgniter\View\{closure}()
#3 /Applications/MAMP/htdocs/CI/venus-shop/vendor/codeigniter4/framework/system/Common.php(1271): CodeIgniter\View\View->render('web/pages/home', Array, true)
#4 /Applications/MAMP/htdocs/CI/venus-shop/app/Controllers/Home.php(14): view('web/pages/home', Array)
#5 /Applications/MAMP/htdocs/CI/venus-shop/vendor/codeigniter4/framework/system/CodeIgniter.php(928): App\Controllers\Home->index()
#6 /Applications/MAMP/htdocs/CI/venus-shop/vendor/codeigniter4/framework/system/CodeIgniter.php(436): CodeIgniter\CodeIgniter->runController(Object(App\Controllers\Home))
#7 /Applications/MAMP/htdocs/CI/venus-shop/vendor/codeigniter4/framework/system/CodeIgniter.php(336): CodeIgniter\CodeIgniter->handleRequest(NULL, Object(Config\Cache), false)
#8 /Applications/MAMP/htdocs/CI/venus-shop/index.php(37): CodeIgniter\CodeIgniter->run()
#9 {main}
CRITICAL - 2021-07-19 15:00:19 --> Undefined variable: popular_products
#0 /Applications/MAMP/htdocs/CI/venus-shop/app/Views/web/pages/home.php(11): CodeIgniter\Debug\Exceptions->errorHandler(8, 'Undefined varia...', '/Applications/M...', 11, Array)
#1 /Applications/MAMP/htdocs/CI/venus-shop/vendor/codeigniter4/framework/system/View/View.php(230): include('/Applications/M...')
#2 /Applications/MAMP/htdocs/CI/venus-shop/vendor/codeigniter4/framework/system/View/View.php(232): CodeIgniter\View\View->CodeIgniter\View\{closure}()
#3 /Applications/MAMP/htdocs/CI/venus-shop/vendor/codeigniter4/framework/system/Common.php(1271): CodeIgniter\View\View->render('web/pages/home', Array, true)
#4 /Applications/MAMP/htdocs/CI/venus-shop/app/Controllers/Home.php(14): view('web/pages/home', Array)
#5 /Applications/MAMP/htdocs/CI/venus-shop/vendor/codeigniter4/framework/system/CodeIgniter.php(928): App\Controllers\Home->index()
#6 /Applications/MAMP/htdocs/CI/venus-shop/vendor/codeigniter4/framework/system/CodeIgniter.php(436): CodeIgniter\CodeIgniter->runController(Object(App\Controllers\Home))
#7 /Applications/MAMP/htdocs/CI/venus-shop/vendor/codeigniter4/framework/system/CodeIgniter.php(336): CodeIgniter\CodeIgniter->handleRequest(NULL, Object(Config\Cache), false)
#8 /Applications/MAMP/htdocs/CI/venus-shop/index.php(37): CodeIgniter\CodeIgniter->run()
#9 {main}
CRITICAL - 2021-07-19 15:00:19 --> Undefined variable: popular_products
#0 /Applications/MAMP/htdocs/CI/venus-shop/app/Views/web/pages/home.php(11): CodeIgniter\Debug\Exceptions->errorHandler(8, 'Undefined varia...', '/Applications/M...', 11, Array)
#1 /Applications/MAMP/htdocs/CI/venus-shop/vendor/codeigniter4/framework/system/View/View.php(230): include('/Applications/M...')
#2 /Applications/MAMP/htdocs/CI/venus-shop/vendor/codeigniter4/framework/system/View/View.php(232): CodeIgniter\View\View->CodeIgniter\View\{closure}()
#3 /Applications/MAMP/htdocs/CI/venus-shop/vendor/codeigniter4/framework/system/Common.php(1271): CodeIgniter\View\View->render('web/pages/home', Array, true)
#4 /Applications/MAMP/htdocs/CI/venus-shop/app/Controllers/Home.php(14): view('web/pages/home', Array)
#5 /Applications/MAMP/htdocs/CI/venus-shop/vendor/codeigniter4/framework/system/CodeIgniter.php(928): App\Controllers\Home->index()
#6 /Applications/MAMP/htdocs/CI/venus-shop/vendor/codeigniter4/framework/system/CodeIgniter.php(436): CodeIgniter\CodeIgniter->runController(Object(App\Controllers\Home))
#7 /Applications/MAMP/htdocs/CI/venus-shop/vendor/codeigniter4/framework/system/CodeIgniter.php(336): CodeIgniter\CodeIgniter->handleRequest(NULL, Object(Config\Cache), false)
#8 /Applications/MAMP/htdocs/CI/venus-shop/index.php(37): CodeIgniter\CodeIgniter->run()
#9 {main}
CRITICAL - 2021-07-19 15:00:19 --> Undefined variable: popular_products
#0 /Applications/MAMP/htdocs/CI/venus-shop/app/Views/web/pages/home.php(11): CodeIgniter\Debug\Exceptions->errorHandler(8, 'Undefined varia...', '/Applications/M...', 11, Array)
#1 /Applications/MAMP/htdocs/CI/venus-shop/vendor/codeigniter4/framework/system/View/View.php(230): include('/Applications/M...')
#2 /Applications/MAMP/htdocs/CI/venus-shop/vendor/codeigniter4/framework/system/View/View.php(232): CodeIgniter\View\View->CodeIgniter\View\{closure}()
#3 /Applications/MAMP/htdocs/CI/venus-shop/vendor/codeigniter4/framework/system/Common.php(1271): CodeIgniter\View\View->render('web/pages/home', Array, true)
#4 /Applications/MAMP/htdocs/CI/venus-shop/app/Controllers/Home.php(14): view('web/pages/home', Array)
#5 /Applications/MAMP/htdocs/CI/venus-shop/vendor/codeigniter4/framework/system/CodeIgniter.php(928): App\Controllers\Home->index()
#6 /Applications/MAMP/htdocs/CI/venus-shop/vendor/codeigniter4/framework/system/CodeIgniter.php(436): CodeIgniter\CodeIgniter->runController(Object(App\Controllers\Home))
#7 /Applications/MAMP/htdocs/CI/venus-shop/vendor/codeigniter4/framework/system/CodeIgniter.php(336): CodeIgniter\CodeIgniter->handleRequest(NULL, Object(Config\Cache), false)
#8 /Applications/MAMP/htdocs/CI/venus-shop/index.php(37): CodeIgniter\CodeIgniter->run()
#9 {main}
CRITICAL - 2021-07-19 15:00:19 --> Undefined variable: popular_products
#0 /Applications/MAMP/htdocs/CI/venus-shop/app/Views/web/pages/home.php(11): CodeIgniter\Debug\Exceptions->errorHandler(8, 'Undefined varia...', '/Applications/M...', 11, Array)
#1 /Applications/MAMP/htdocs/CI/venus-shop/vendor/codeigniter4/framework/system/View/View.php(230): include('/Applications/M...')
#2 /Applications/MAMP/htdocs/CI/venus-shop/vendor/codeigniter4/framework/system/View/View.php(232): CodeIgniter\View\View->CodeIgniter\View\{closure}()
#3 /Applications/MAMP/htdocs/CI/venus-shop/vendor/codeigniter4/framework/system/Common.php(1271): CodeIgniter\View\View->render('web/pages/home', Array, true)
#4 /Applications/MAMP/htdocs/CI/venus-shop/app/Controllers/Home.php(14): view('web/pages/home', Array)
#5 /Applications/MAMP/htdocs/CI/venus-shop/vendor/codeigniter4/framework/system/CodeIgniter.php(928): App\Controllers\Home->index()
#6 /Applications/MAMP/htdocs/CI/venus-shop/vendor/codeigniter4/framework/system/CodeIgniter.php(436): CodeIgniter\CodeIgniter->runController(Object(App\Controllers\Home))
#7 /Applications/MAMP/htdocs/CI/venus-shop/vendor/codeigniter4/framework/system/CodeIgniter.php(336): CodeIgniter\CodeIgniter->handleRequest(NULL, Object(Config\Cache), false)
#8 /Applications/MAMP/htdocs/CI/venus-shop/index.php(37): CodeIgniter\CodeIgniter->run()
#9 {main}
CRITICAL - 2021-07-19 15:00:40 --> Undefined variable: popular_prod
#0 /Applications/MAMP/htdocs/CI/venus-shop/app/Views/web/pages/home.php(11): CodeIgniter\Debug\Exceptions->errorHandler(8, 'Undefined varia...', '/Applications/M...', 11, Array)
#1 /Applications/MAMP/htdocs/CI/venus-shop/vendor/codeigniter4/framework/system/View/View.php(230): include('/Applications/M...')
#2 /Applications/MAMP/htdocs/CI/venus-shop/vendor/codeigniter4/framework/system/View/View.php(232): CodeIgniter\View\View->CodeIgniter\View\{closure}()
#3 /Applications/MAMP/htdocs/CI/venus-shop/vendor/codeigniter4/framework/system/Common.php(1271): CodeIgniter\View\View->render('web/pages/home', Array, true)
#4 /Applications/MAMP/htdocs/CI/venus-shop/app/Controllers/Home.php(14): view('web/pages/home', Array)
#5 /Applications/MAMP/htdocs/CI/venus-shop/vendor/codeigniter4/framework/system/CodeIgniter.php(928): App\Controllers\Home->index()
#6 /Applications/MAMP/htdocs/CI/venus-shop/vendor/codeigniter4/framework/system/CodeIgniter.php(436): CodeIgniter\CodeIgniter->runController(Object(App\Controllers\Home))
#7 /Applications/MAMP/htdocs/CI/venus-shop/vendor/codeigniter4/framework/system/CodeIgniter.php(336): CodeIgniter\CodeIgniter->handleRequest(NULL, Object(Config\Cache), false)
#8 /Applications/MAMP/htdocs/CI/venus-shop/index.php(37): CodeIgniter\CodeIgniter->run()
#9 {main}
CRITICAL - 2021-07-19 15:00:41 --> Undefined variable: popular_prod
#0 /Applications/MAMP/htdocs/CI/venus-shop/app/Views/web/pages/home.php(11): CodeIgniter\Debug\Exceptions->errorHandler(8, 'Undefined varia...', '/Applications/M...', 11, Array)
#1 /Applications/MAMP/htdocs/CI/venus-shop/vendor/codeigniter4/framework/system/View/View.php(230): include('/Applications/M...')
#2 /Applications/MAMP/htdocs/CI/venus-shop/vendor/codeigniter4/framework/system/View/View.php(232): CodeIgniter\View\View->CodeIgniter\View\{closure}()
#3 /Applications/MAMP/htdocs/CI/venus-shop/vendor/codeigniter4/framework/system/Common.php(1271): CodeIgniter\View\View->render('web/pages/home', Array, true)
#4 /Applications/MAMP/htdocs/CI/venus-shop/app/Controllers/Home.php(14): view('web/pages/home', Array)
#5 /Applications/MAMP/htdocs/CI/venus-shop/vendor/codeigniter4/framework/system/CodeIgniter.php(928): App\Controllers\Home->index()
#6 /Applications/MAMP/htdocs/CI/venus-shop/vendor/codeigniter4/framework/system/CodeIgniter.php(436): CodeIgniter\CodeIgniter->runController(Object(App\Controllers\Home))
#7 /Applications/MAMP/htdocs/CI/venus-shop/vendor/codeigniter4/framework/system/CodeIgniter.php(336): CodeIgniter\CodeIgniter->handleRequest(NULL, Object(Config\Cache), false)
#8 /Applications/MAMP/htdocs/CI/venus-shop/index.php(37): CodeIgniter\CodeIgniter->run()
#9 {main}
CRITICAL - 2021-07-19 15:00:41 --> Undefined variable: popular_prod
#0 /Applications/MAMP/htdocs/CI/venus-shop/app/Views/web/pages/home.php(11): CodeIgniter\Debug\Exceptions->errorHandler(8, 'Undefined varia...', '/Applications/M...', 11, Array)
#1 /Applications/MAMP/htdocs/CI/venus-shop/vendor/codeigniter4/framework/system/View/View.php(230): include('/Applications/M...')
#2 /Applications/MAMP/htdocs/CI/venus-shop/vendor/codeigniter4/framework/system/View/View.php(232): CodeIgniter\View\View->CodeIgniter\View\{closure}()
#3 /Applications/MAMP/htdocs/CI/venus-shop/vendor/codeigniter4/framework/system/Common.php(1271): CodeIgniter\View\View->render('web/pages/home', Array, true)
#4 /Applications/MAMP/htdocs/CI/venus-shop/app/Controllers/Home.php(14): view('web/pages/home', Array)
#5 /Applications/MAMP/htdocs/CI/venus-shop/vendor/codeigniter4/framework/system/CodeIgniter.php(928): App\Controllers\Home->index()
#6 /Applications/MAMP/htdocs/CI/venus-shop/vendor/codeigniter4/framework/system/CodeIgniter.php(436): CodeIgniter\CodeIgniter->runController(Object(App\Controllers\Home))
#7 /Applications/MAMP/htdocs/CI/venus-shop/vendor/codeigniter4/framework/system/CodeIgniter.php(336): CodeIgniter\CodeIgniter->handleRequest(NULL, Object(Config\Cache), false)
#8 /Applications/MAMP/htdocs/CI/venus-shop/index.php(37): CodeIgniter\CodeIgniter->run()
#9 {main}
CRITICAL - 2021-07-19 15:00:41 --> Undefined variable: popular_prod
#0 /Applications/MAMP/htdocs/CI/venus-shop/app/Views/web/pages/home.php(11): CodeIgniter\Debug\Exceptions->errorHandler(8, 'Undefined varia...', '/Applications/M...', 11, Array)
#1 /Applications/MAMP/htdocs/CI/venus-shop/vendor/codeigniter4/framework/system/View/View.php(230): include('/Applications/M...')
#2 /Applications/MAMP/htdocs/CI/venus-shop/vendor/codeigniter4/framework/system/View/View.php(232): CodeIgniter\View\View->CodeIgniter\View\{closure}()
#3 /Applications/MAMP/htdocs/CI/venus-shop/vendor/codeigniter4/framework/system/Common.php(1271): CodeIgniter\View\View->render('web/pages/home', Array, true)
#4 /Applications/MAMP/htdocs/CI/venus-shop/app/Controllers/Home.php(14): view('web/pages/home', Array)
#5 /Applications/MAMP/htdocs/CI/venus-shop/vendor/codeigniter4/framework/system/CodeIgniter.php(928): App\Controllers\Home->index()
#6 /Applications/MAMP/htdocs/CI/venus-shop/vendor/codeigniter4/framework/system/CodeIgniter.php(436): CodeIgniter\CodeIgniter->runController(Object(App\Controllers\Home))
#7 /Applications/MAMP/htdocs/CI/venus-shop/vendor/codeigniter4/framework/system/CodeIgniter.php(336): CodeIgniter\CodeIgniter->handleRequest(NULL, Object(Config\Cache), false)
#8 /Applications/MAMP/htdocs/CI/venus-shop/index.php(37): CodeIgniter\CodeIgniter->run()
#9 {main}
CRITICAL - 2021-07-19 15:01:53 --> Undefined variable: popular_prod
#0 /Applications/MAMP/htdocs/CI/venus-shop/app/Views/web/pages/home.php(11): CodeIgniter\Debug\Exceptions->errorHandler(8, 'Undefined varia...', '/Applications/M...', 11, Array)
#1 /Applications/MAMP/htdocs/CI/venus-shop/vendor/codeigniter4/framework/system/View/View.php(230): include('/Applications/M...')
#2 /Applications/MAMP/htdocs/CI/venus-shop/vendor/codeigniter4/framework/system/View/View.php(232): CodeIgniter\View\View->CodeIgniter\View\{closure}()
#3 /Applications/MAMP/htdocs/CI/venus-shop/vendor/codeigniter4/framework/system/Common.php(1271): CodeIgniter\View\View->render('web/pages/home', Array, true)
#4 /Applications/MAMP/htdocs/CI/venus-shop/app/Controllers/Home.php(14): view('web/pages/home', Array)
#5 /Applications/MAMP/htdocs/CI/venus-shop/vendor/codeigniter4/framework/system/CodeIgniter.php(928): App\Controllers\Home->index()
#6 /Applications/MAMP/htdocs/CI/venus-shop/vendor/codeigniter4/framework/system/CodeIgniter.php(436): CodeIgniter\CodeIgniter->runController(Object(App\Controllers\Home))
#7 /Applications/MAMP/htdocs/CI/venus-shop/vendor/codeigniter4/framework/system/CodeIgniter.php(336): CodeIgniter\CodeIgniter->handleRequest(NULL, Object(Config\Cache), false)
#8 /Applications/MAMP/htdocs/CI/venus-shop/index.php(37): CodeIgniter\CodeIgniter->run()
#9 {main}
CRITICAL - 2021-07-19 15:01:53 --> Undefined variable: popular_prod
#0 /Applications/MAMP/htdocs/CI/venus-shop/app/Views/web/pages/home.php(11): CodeIgniter\Debug\Exceptions->errorHandler(8, 'Undefined varia...', '/Applications/M...', 11, Array)
#1 /Applications/MAMP/htdocs/CI/venus-shop/vendor/codeigniter4/framework/system/View/View.php(230): include('/Applications/M...')
#2 /Applications/MAMP/htdocs/CI/venus-shop/vendor/codeigniter4/framework/system/View/View.php(232): CodeIgniter\View\View->CodeIgniter\View\{closure}()
#3 /Applications/MAMP/htdocs/CI/venus-shop/vendor/codeigniter4/framework/system/Common.php(1271): CodeIgniter\View\View->render('web/pages/home', Array, true)
#4 /Applications/MAMP/htdocs/CI/venus-shop/app/Controllers/Home.php(14): view('web/pages/home', Array)
#5 /Applications/MAMP/htdocs/CI/venus-shop/vendor/codeigniter4/framework/system/CodeIgniter.php(928): App\Controllers\Home->index()
#6 /Applications/MAMP/htdocs/CI/venus-shop/vendor/codeigniter4/framework/system/CodeIgniter.php(436): CodeIgniter\CodeIgniter->runController(Object(App\Controllers\Home))
#7 /Applications/MAMP/htdocs/CI/venus-shop/vendor/codeigniter4/framework/system/CodeIgniter.php(336): CodeIgniter\CodeIgniter->handleRequest(NULL, Object(Config\Cache), false)
#8 /Applications/MAMP/htdocs/CI/venus-shop/index.php(37): CodeIgniter\CodeIgniter->run()
#9 {main}
CRITICAL - 2021-07-19 15:01:54 --> Undefined variable: popular_prod
#0 /Applications/MAMP/htdocs/CI/venus-shop/app/Views/web/pages/home.php(11): CodeIgniter\Debug\Exceptions->errorHandler(8, 'Undefined varia...', '/Applications/M...', 11, Array)
#1 /Applications/MAMP/htdocs/CI/venus-shop/vendor/codeigniter4/framework/system/View/View.php(230): include('/Applications/M...')
#2 /Applications/MAMP/htdocs/CI/venus-shop/vendor/codeigniter4/framework/system/View/View.php(232): CodeIgniter\View\View->CodeIgniter\View\{closure}()
#3 /Applications/MAMP/htdocs/CI/venus-shop/vendor/codeigniter4/framework/system/Common.php(1271): CodeIgniter\View\View->render('web/pages/home', Array, true)
#4 /Applications/MAMP/htdocs/CI/venus-shop/app/Controllers/Home.php(14): view('web/pages/home', Array)
#5 /Applications/MAMP/htdocs/CI/venus-shop/vendor/codeigniter4/framework/system/CodeIgniter.php(928): App\Controllers\Home->index()
#6 /Applications/MAMP/htdocs/CI/venus-shop/vendor/codeigniter4/framework/system/CodeIgniter.php(436): CodeIgniter\CodeIgniter->runController(Object(App\Controllers\Home))
#7 /Applications/MAMP/htdocs/CI/venus-shop/vendor/codeigniter4/framework/system/CodeIgniter.php(336): CodeIgniter\CodeIgniter->handleRequest(NULL, Object(Config\Cache), false)
#8 /Applications/MAMP/htdocs/CI/venus-shop/index.php(37): CodeIgniter\CodeIgniter->run()
#9 {main}
CRITICAL - 2021-07-19 15:01:54 --> Undefined variable: popular_prod
#0 /Applications/MAMP/htdocs/CI/venus-shop/app/Views/web/pages/home.php(11): CodeIgniter\Debug\Exceptions->errorHandler(8, 'Undefined varia...', '/Applications/M...', 11, Array)
#1 /Applications/MAMP/htdocs/CI/venus-shop/vendor/codeigniter4/framework/system/View/View.php(230): include('/Applications/M...')
#2 /Applications/MAMP/htdocs/CI/venus-shop/vendor/codeigniter4/framework/system/View/View.php(232): CodeIgniter\View\View->CodeIgniter\View\{closure}()
#3 /Applications/MAMP/htdocs/CI/venus-shop/vendor/codeigniter4/framework/system/Common.php(1271): CodeIgniter\View\View->render('web/pages/home', Array, true)
#4 /Applications/MAMP/htdocs/CI/venus-shop/app/Controllers/Home.php(14): view('web/pages/home', Array)
#5 /Applications/MAMP/htdocs/CI/venus-shop/vendor/codeigniter4/framework/system/CodeIgniter.php(928): App\Controllers\Home->index()
#6 /Applications/MAMP/htdocs/CI/venus-shop/vendor/codeigniter4/framework/system/CodeIgniter.php(436): CodeIgniter\CodeIgniter->runController(Object(App\Controllers\Home))
#7 /Applications/MAMP/htdocs/CI/venus-shop/vendor/codeigniter4/framework/system/CodeIgniter.php(336): CodeIgniter\CodeIgniter->handleRequest(NULL, Object(Config\Cache), false)
#8 /Applications/MAMP/htdocs/CI/venus-shop/index.php(37): CodeIgniter\CodeIgniter->run()
#9 {main}
CRITICAL - 2021-07-19 15:01:54 --> Undefined variable: popular_prod
#0 /Applications/MAMP/htdocs/CI/venus-shop/app/Views/web/pages/home.php(11): CodeIgniter\Debug\Exceptions->errorHandler(8, 'Undefined varia...', '/Applications/M...', 11, Array)
#1 /Applications/MAMP/htdocs/CI/venus-shop/vendor/codeigniter4/framework/system/View/View.php(230): include('/Applications/M...')
#2 /Applications/MAMP/htdocs/CI/venus-shop/vendor/codeigniter4/framework/system/View/View.php(232): CodeIgniter\View\View->CodeIgniter\View\{closure}()
#3 /Applications/MAMP/htdocs/CI/venus-shop/vendor/codeigniter4/framework/system/Common.php(1271): CodeIgniter\View\View->render('web/pages/home', Array, true)
#4 /Applications/MAMP/htdocs/CI/venus-shop/app/Controllers/Home.php(14): view('web/pages/home', Array)
#5 /Applications/MAMP/htdocs/CI/venus-shop/vendor/codeigniter4/framework/system/CodeIgniter.php(928): App\Controllers\Home->index()
#6 /Applications/MAMP/htdocs/CI/venus-shop/vendor/codeigniter4/framework/system/CodeIgniter.php(436): CodeIgniter\CodeIgniter->runController(Object(App\Controllers\Home))
#7 /Applications/MAMP/htdocs/CI/venus-shop/vendor/codeigniter4/framework/system/CodeIgniter.php(336): CodeIgniter\CodeIgniter->handleRequest(NULL, Object(Config\Cache), false)
#8 /Applications/MAMP/htdocs/CI/venus-shop/index.php(37): CodeIgniter\CodeIgniter->run()
#9 {main}
CRITICAL - 2021-07-19 15:01:54 --> Undefined variable: popular_prod
#0 /Applications/MAMP/htdocs/CI/venus-shop/app/Views/web/pages/home.php(11): CodeIgniter\Debug\Exceptions->errorHandler(8, 'Undefined varia...', '/Applications/M...', 11, Array)
#1 /Applications/MAMP/htdocs/CI/venus-shop/vendor/codeigniter4/framework/system/View/View.php(230): include('/Applications/M...')
#2 /Applications/MAMP/htdocs/CI/venus-shop/vendor/codeigniter4/framework/system/View/View.php(232): CodeIgniter\View\View->CodeIgniter\View\{closure}()
#3 /Applications/MAMP/htdocs/CI/venus-shop/vendor/codeigniter4/framework/system/Common.php(1271): CodeIgniter\View\View->render('web/pages/home', Array, true)
#4 /Applications/MAMP/htdocs/CI/venus-shop/app/Controllers/Home.php(14): view('web/pages/home', Array)
#5 /Applications/MAMP/htdocs/CI/venus-shop/vendor/codeigniter4/framework/system/CodeIgniter.php(928): App\Controllers\Home->index()
#6 /Applications/MAMP/htdocs/CI/venus-shop/vendor/codeigniter4/framework/system/CodeIgniter.php(436): CodeIgniter\CodeIgniter->runController(Object(App\Controllers\Home))
#7 /Applications/MAMP/htdocs/CI/venus-shop/vendor/codeigniter4/framework/system/CodeIgniter.php(336): CodeIgniter\CodeIgniter->handleRequest(NULL, Object(Config\Cache), false)
#8 /Applications/MAMP/htdocs/CI/venus-shop/index.php(37): CodeIgniter\CodeIgniter->run()
#9 {main}
CRITICAL - 2021-07-19 15:01:54 --> Undefined variable: popular_prod
#0 /Applications/MAMP/htdocs/CI/venus-shop/app/Views/web/pages/home.php(11): CodeIgniter\Debug\Exceptions->errorHandler(8, 'Undefined varia...', '/Applications/M...', 11, Array)
#1 /Applications/MAMP/htdocs/CI/venus-shop/vendor/codeigniter4/framework/system/View/View.php(230): include('/Applications/M...')
#2 /Applications/MAMP/htdocs/CI/venus-shop/vendor/codeigniter4/framework/system/View/View.php(232): CodeIgniter\View\View->CodeIgniter\View\{closure}()
#3 /Applications/MAMP/htdocs/CI/venus-shop/vendor/codeigniter4/framework/system/Common.php(1271): CodeIgniter\View\View->render('web/pages/home', Array, true)
#4 /Applications/MAMP/htdocs/CI/venus-shop/app/Controllers/Home.php(14): view('web/pages/home', Array)
#5 /Applications/MAMP/htdocs/CI/venus-shop/vendor/codeigniter4/framework/system/CodeIgniter.php(928): App\Controllers\Home->index()
#6 /Applications/MAMP/htdocs/CI/venus-shop/vendor/codeigniter4/framework/system/CodeIgniter.php(436): CodeIgniter\CodeIgniter->runController(Object(App\Controllers\Home))
#7 /Applications/MAMP/htdocs/CI/venus-shop/vendor/codeigniter4/framework/system/CodeIgniter.php(336): CodeIgniter\CodeIgniter->handleRequest(NULL, Object(Config\Cache), false)
#8 /Applications/MAMP/htdocs/CI/venus-shop/index.php(37): CodeIgniter\CodeIgniter->run()
#9 {main}
CRITICAL - 2021-07-19 15:04:13 --> Undefined index: id
#0 /Applications/MAMP/htdocs/CI/venus-shop/app/Views/web/pages/home.php(14): CodeIgniter\Debug\Exceptions->errorHandler(8, 'Undefined index...', '/Applications/M...', 14, Array)
#1 /Applications/MAMP/htdocs/CI/venus-shop/vendor/codeigniter4/framework/system/View/View.php(230): include('/Applications/M...')
#2 /Applications/MAMP/htdocs/CI/venus-shop/vendor/codeigniter4/framework/system/View/View.php(232): CodeIgniter\View\View->CodeIgniter\View\{closure}()
#3 /Applications/MAMP/htdocs/CI/venus-shop/vendor/codeigniter4/framework/system/Common.php(1271): CodeIgniter\View\View->render('web/pages/home', Array, true)
#4 /Applications/MAMP/htdocs/CI/venus-shop/app/Controllers/Home.php(15): view('web/pages/home', Array)
#5 /Applications/MAMP/htdocs/CI/venus-shop/vendor/codeigniter4/framework/system/CodeIgniter.php(928): App\Controllers\Home->index()
#6 /Applications/MAMP/htdocs/CI/venus-shop/vendor/codeigniter4/framework/system/CodeIgniter.php(436): CodeIgniter\CodeIgniter->runController(Object(App\Controllers\Home))
#7 /Applications/MAMP/htdocs/CI/venus-shop/vendor/codeigniter4/framework/system/CodeIgniter.php(336): CodeIgniter\CodeIgniter->handleRequest(NULL, Object(Config\Cache), false)
#8 /Applications/MAMP/htdocs/CI/venus-shop/index.php(37): CodeIgniter\CodeIgniter->run()
#9 {main}
CRITICAL - 2021-07-19 15:04:48 --> Call to undefined function word_limiter()
#0 /Applications/MAMP/htdocs/CI/venus-shop/vendor/codeigniter4/framework/system/View/View.php(230): include()
#1 /Applications/MAMP/htdocs/CI/venus-shop/vendor/codeigniter4/framework/system/View/View.php(232): CodeIgniter\View\View->CodeIgniter\View\{closure}()
#2 /Applications/MAMP/htdocs/CI/venus-shop/vendor/codeigniter4/framework/system/Common.php(1271): CodeIgniter\View\View->render('web/pages/home', Array, true)
#3 /Applications/MAMP/htdocs/CI/venus-shop/app/Controllers/Home.php(15): view('web/pages/home', Array)
#4 /Applications/MAMP/htdocs/CI/venus-shop/vendor/codeigniter4/framework/system/CodeIgniter.php(928): App\Controllers\Home->index()
#5 /Applications/MAMP/htdocs/CI/venus-shop/vendor/codeigniter4/framework/system/CodeIgniter.php(436): CodeIgniter\CodeIgniter->runController(Object(App\Controllers\Home))
#6 /Applications/MAMP/htdocs/CI/venus-shop/vendor/codeigniter4/framework/system/CodeIgniter.php(336): CodeIgniter\CodeIgniter->handleRequest(NULL, Object(Config\Cache), false)
#7 /Applications/MAMP/htdocs/CI/venus-shop/index.php(37): CodeIgniter\CodeIgniter->run()
#8 {main}
CRITICAL - 2021-07-19 15:05:23 --> Undefined variable: single_popular
#0 /Applications/MAMP/htdocs/CI/venus-shop/app/Views/web/pages/home.php(18): CodeIgniter\Debug\Exceptions->errorHandler(8, 'Undefined varia...', '/Applications/M...', 18, Array)
#1 /Applications/MAMP/htdocs/CI/venus-shop/vendor/codeigniter4/framework/system/View/View.php(230): include('/Applications/M...')
#2 /Applications/MAMP/htdocs/CI/venus-shop/vendor/codeigniter4/framework/system/View/View.php(232): CodeIgniter\View\View->CodeIgniter\View\{closure}()
#3 /Applications/MAMP/htdocs/CI/venus-shop/vendor/codeigniter4/framework/system/Common.php(1271): CodeIgniter\View\View->render('web/pages/home', Array, true)
#4 /Applications/MAMP/htdocs/CI/venus-shop/app/Controllers/Home.php(15): view('web/pages/home', Array)
#5 /Applications/MAMP/htdocs/CI/venus-shop/vendor/codeigniter4/framework/system/CodeIgniter.php(928): App\Controllers\Home->index()
#6 /Applications/MAMP/htdocs/CI/venus-shop/vendor/codeigniter4/framework/system/CodeIgniter.php(436): CodeIgniter\CodeIgniter->runController(Object(App\Controllers\Home))
#7 /Applications/MAMP/htdocs/CI/venus-shop/vendor/codeigniter4/framework/system/CodeIgniter.php(336): CodeIgniter\CodeIgniter->handleRequest(NULL, Object(Config\Cache), false)
#8 /Applications/MAMP/htdocs/CI/venus-shop/index.php(37): CodeIgniter\CodeIgniter->run()
#9 {main}
CRITICAL - 2021-07-19 15:05:36 --> Array to string conversion
#0 /Applications/MAMP/htdocs/CI/venus-shop/app/Views/web/pages/home.php(18): CodeIgniter\Debug\Exceptions->errorHandler(8, 'Array to string...', '/Applications/M...', 18, Array)
#1 /Applications/MAMP/htdocs/CI/venus-shop/vendor/codeigniter4/framework/system/View/View.php(230): include('/Applications/M...')
#2 /Applications/MAMP/htdocs/CI/venus-shop/vendor/codeigniter4/framework/system/View/View.php(232): CodeIgniter\View\View->CodeIgniter\View\{closure}()
#3 /Applications/MAMP/htdocs/CI/venus-shop/vendor/codeigniter4/framework/system/Common.php(1271): CodeIgniter\View\View->render('web/pages/home', Array, true)
#4 /Applications/MAMP/htdocs/CI/venus-shop/app/Controllers/Home.php(15): view('web/pages/home', Array)
#5 /Applications/MAMP/htdocs/CI/venus-shop/vendor/codeigniter4/framework/system/CodeIgniter.php(928): App\Controllers\Home->index()
#6 /Applications/MAMP/htdocs/CI/venus-shop/vendor/codeigniter4/framework/system/CodeIgniter.php(436): CodeIgniter\CodeIgniter->runController(Object(App\Controllers\Home))
#7 /Applications/MAMP/htdocs/CI/venus-shop/vendor/codeigniter4/framework/system/CodeIgniter.php(336): CodeIgniter\CodeIgniter->handleRequest(NULL, Object(Config\Cache), false)
#8 /Applications/MAMP/htdocs/CI/venus-shop/index.php(37): CodeIgniter\CodeIgniter->run()
#9 {main}
CRITICAL - 2021-07-19 15:05:45 --> Undefined index: short_description
#0 /Applications/MAMP/htdocs/CI/venus-shop/app/Views/web/pages/home.php(18): CodeIgniter\Debug\Exceptions->errorHandler(8, 'Undefined index...', '/Applications/M...', 18, Array)
#1 /Applications/MAMP/htdocs/CI/venus-shop/vendor/codeigniter4/framework/system/View/View.php(230): include('/Applications/M...')
#2 /Applications/MAMP/htdocs/CI/venus-shop/vendor/codeigniter4/framework/system/View/View.php(232): CodeIgniter\View\View->CodeIgniter\View\{closure}()
#3 /Applications/MAMP/htdocs/CI/venus-shop/vendor/codeigniter4/framework/system/Common.php(1271): CodeIgniter\View\View->render('web/pages/home', Array, true)
#4 /Applications/MAMP/htdocs/CI/venus-shop/app/Controllers/Home.php(15): view('web/pages/home', Array)
#5 /Applications/MAMP/htdocs/CI/venus-shop/vendor/codeigniter4/framework/system/CodeIgniter.php(928): App\Controllers\Home->index()
#6 /Applications/MAMP/htdocs/CI/venus-shop/vendor/codeigniter4/framework/system/CodeIgniter.php(436): CodeIgniter\CodeIgniter->runController(Object(App\Controllers\Home))
#7 /Applications/MAMP/htdocs/CI/venus-shop/vendor/codeigniter4/framework/system/CodeIgniter.php(336): CodeIgniter\CodeIgniter->handleRequest(NULL, Object(Config\Cache), false)
#8 /Applications/MAMP/htdocs/CI/venus-shop/index.php(37): CodeIgniter\CodeIgniter->run()
#9 {main}
CRITICAL - 2021-07-19 15:06:37 --> Undefined property: CodeIgniter\View\View::$web_model
#0 /Applications/MAMP/htdocs/CI/venus-shop/app/Views/web/pages/home.php(34): CodeIgniter\Debug\Exceptions->errorHandler(8, 'Undefined prope...', '/Applications/M...', 34, Array)
#1 /Applications/MAMP/htdocs/CI/venus-shop/vendor/codeigniter4/framework/system/View/View.php(230): include('/Applications/M...')
#2 /Applications/MAMP/htdocs/CI/venus-shop/vendor/codeigniter4/framework/system/View/View.php(232): CodeIgniter\View\View->CodeIgniter\View\{closure}()
#3 /Applications/MAMP/htdocs/CI/venus-shop/vendor/codeigniter4/framework/system/Common.php(1271): CodeIgniter\View\View->render('web/pages/home', Array, true)
#4 /Applications/MAMP/htdocs/CI/venus-shop/app/Controllers/Home.php(15): view('web/pages/home', Array)
#5 /Applications/MAMP/htdocs/CI/venus-shop/vendor/codeigniter4/framework/system/CodeIgniter.php(928): App\Controllers\Home->index()
#6 /Applications/MAMP/htdocs/CI/venus-shop/vendor/codeigniter4/framework/system/CodeIgniter.php(436): CodeIgniter\CodeIgniter->runController(Object(App\Controllers\Home))
#7 /Applications/MAMP/htdocs/CI/venus-shop/vendor/codeigniter4/framework/system/CodeIgniter.php(336): CodeIgniter\CodeIgniter->handleRequest(NULL, Object(Config\Cache), false)
#8 /Applications/MAMP/htdocs/CI/venus-shop/index.php(37): CodeIgniter\CodeIgniter->run()
#9 {main}
CRITICAL - 2021-07-19 15:13:49 --> Undefined variable: title
#0 /Applications/MAMP/htdocs/CI/venus-shop/app/Views/web/inc/head.php(1): CodeIgniter\Debug\Exceptions->errorHandler(8, 'Undefined varia...', '/Applications/M...', 1, Array)
#1 /Applications/MAMP/htdocs/CI/venus-shop/vendor/codeigniter4/framework/system/View/View.php(230): include('/Applications/M...')
#2 /Applications/MAMP/htdocs/CI/venus-shop/vendor/codeigniter4/framework/system/View/View.php(232): CodeIgniter\View\View->CodeIgniter\View\{closure}()
#3 /Applications/MAMP/htdocs/CI/venus-shop/vendor/codeigniter4/framework/system/View/View.php(487): CodeIgniter\View\View->render('web/inc/head', NULL, true)
#4 /Applications/MAMP/htdocs/CI/venus-shop/app/Views/web/layouts/main_layout.php(5): CodeIgniter\View\View->include('web/inc/head')
#5 /Applications/MAMP/htdocs/CI/venus-shop/vendor/codeigniter4/framework/system/View/View.php(230): include('/Applications/M...')
#6 /Applications/MAMP/htdocs/CI/venus-shop/vendor/codeigniter4/framework/system/View/View.php(232): CodeIgniter\View\View->CodeIgniter\View\{closure}()
#7 /Applications/MAMP/htdocs/CI/venus-shop/vendor/codeigniter4/framework/system/View/View.php(246): CodeIgniter\View\View->render('web/layouts/mai...', Array, true)
#8 /Applications/MAMP/htdocs/CI/venus-shop/vendor/codeigniter4/framework/system/Common.php(1271): CodeIgniter\View\View->render('web/pages/home', Array, true)
#9 /Applications/MAMP/htdocs/CI/venus-shop/app/Controllers/Home.php(21): view('web/pages/home', Array)
#10 /Applications/MAMP/htdocs/CI/venus-shop/vendor/codeigniter4/framework/system/CodeIgniter.php(928): App\Controllers\Home->index()
#11 /Applications/MAMP/htdocs/CI/venus-shop/vendor/codeigniter4/framework/system/CodeIgniter.php(436): CodeIgniter\CodeIgniter->runController(Object(App\Controllers\Home))
#12 /Applications/MAMP/htdocs/CI/venus-shop/vendor/codeigniter4/framework/system/CodeIgniter.php(336): CodeIgniter\CodeIgniter->handleRequest(NULL, Object(Config\Cache), false)
#13 /Applications/MAMP/htdocs/CI/venus-shop/index.php(37): CodeIgniter\CodeIgniter->run()
#14 {main}
