CRITICAL - 2021-07-23 00:51:40 --> Undefined variable: result_search
#0 /Applications/MAMP/htdocs/CI/venus-shop/app/Controllers/Home.php(132): CodeIgniter\Debug\Exceptions->errorHandler(8, 'Undefined varia...', '/Applications/M...', 132, Array)
#1 /Applications/MAMP/htdocs/CI/venus-shop/vendor/codeigniter4/framework/system/CodeIgniter.php(928): App\Controllers\Home->search()
#2 /Applications/MAMP/htdocs/CI/venus-shop/vendor/codeigniter4/framework/system/CodeIgniter.php(436): CodeIgniter\CodeIgniter->runController(Object(App\Controllers\Home))
#3 /Applications/MAMP/htdocs/CI/venus-shop/vendor/codeigniter4/framework/system/CodeIgniter.php(336): CodeIgniter\CodeIgniter->handleRequest(NULL, Object(Config\Cache), false)
#4 /Applications/MAMP/htdocs/CI/venus-shop/index.php(37): CodeIgniter\CodeIgniter->run()
#5 {main}
CRITICAL - 2021-07-23 00:56:38 --> Undefined variable: search
#0 /Applications/MAMP/htdocs/CI/venus-shop/app/Views/web/pages/search.php(9): CodeIgniter\Debug\Exceptions->errorHandler(8, 'Undefined varia...', '/Applications/M...', 9, Array)
#1 /Applications/MAMP/htdocs/CI/venus-shop/vendor/codeigniter4/framework/system/View/View.php(230): include('/Applications/M...')
#2 /Applications/MAMP/htdocs/CI/venus-shop/vendor/codeigniter4/framework/system/View/View.php(232): CodeIgniter\View\View->CodeIgniter\View\{closure}()
#3 /Applications/MAMP/htdocs/CI/venus-shop/vendor/codeigniter4/framework/system/Common.php(1271): CodeIgniter\View\View->render('web/pages/searc...', Array, true)
#4 /Applications/MAMP/htdocs/CI/venus-shop/app/Controllers/Home.php(153): view('web/pages/searc...', Array)
#5 /Applications/MAMP/htdocs/CI/venus-shop/vendor/codeigniter4/framework/system/CodeIgniter.php(928): App\Controllers\Home->search()
#6 /Applications/MAMP/htdocs/CI/venus-shop/vendor/codeigniter4/framework/system/CodeIgniter.php(436): CodeIgniter\CodeIgniter->runController(Object(App\Controllers\Home))
#7 /Applications/MAMP/htdocs/CI/venus-shop/vendor/codeigniter4/framework/system/CodeIgniter.php(336): CodeIgniter\CodeIgniter->handleRequest(NULL, Object(Config\Cache), false)
#8 /Applications/MAMP/htdocs/CI/venus-shop/index.php(37): CodeIgniter\CodeIgniter->run()
#9 {main}
CRITICAL - 2021-07-23 00:56:45 --> Undefined variable: search
#0 /Applications/MAMP/htdocs/CI/venus-shop/app/Views/web/pages/search.php(9): CodeIgniter\Debug\Exceptions->errorHandler(8, 'Undefined varia...', '/Applications/M...', 9, Array)
#1 /Applications/MAMP/htdocs/CI/venus-shop/vendor/codeigniter4/framework/system/View/View.php(230): include('/Applications/M...')
#2 /Applications/MAMP/htdocs/CI/venus-shop/vendor/codeigniter4/framework/system/View/View.php(232): CodeIgniter\View\View->CodeIgniter\View\{closure}()
#3 /Applications/MAMP/htdocs/CI/venus-shop/vendor/codeigniter4/framework/system/Common.php(1271): CodeIgniter\View\View->render('web/pages/searc...', Array, true)
#4 /Applications/MAMP/htdocs/CI/venus-shop/app/Controllers/Home.php(153): view('web/pages/searc...', Array)
#5 /Applications/MAMP/htdocs/CI/venus-shop/vendor/codeigniter4/framework/system/CodeIgniter.php(928): App\Controllers\Home->search()
#6 /Applications/MAMP/htdocs/CI/venus-shop/vendor/codeigniter4/framework/system/CodeIgniter.php(436): CodeIgniter\CodeIgniter->runController(Object(App\Controllers\Home))
#7 /Applications/MAMP/htdocs/CI/venus-shop/vendor/codeigniter4/framework/system/CodeIgniter.php(336): CodeIgniter\CodeIgniter->handleRequest(NULL, Object(Config\Cache), false)
#8 /Applications/MAMP/htdocs/CI/venus-shop/index.php(37): CodeIgniter\CodeIgniter->run()
#9 {main}
CRITICAL - 2021-07-23 00:58:59 --> Undefined variable: result_search
#0 /Applications/MAMP/htdocs/CI/venus-shop/app/Views/web/pages/search.php(14): CodeIgniter\Debug\Exceptions->errorHandler(8, 'Undefined varia...', '/Applications/M...', 14, Array)
#1 /Applications/MAMP/htdocs/CI/venus-shop/vendor/codeigniter4/framework/system/View/View.php(230): include('/Applications/M...')
#2 /Applications/MAMP/htdocs/CI/venus-shop/vendor/codeigniter4/framework/system/View/View.php(232): CodeIgniter\View\View->CodeIgniter\View\{closure}()
#3 /Applications/MAMP/htdocs/CI/venus-shop/vendor/codeigniter4/framework/system/Common.php(1271): CodeIgniter\View\View->render('web/pages/searc...', Array, true)
#4 /Applications/MAMP/htdocs/CI/venus-shop/app/Controllers/Home.php(155): view('web/pages/searc...', Array)
#5 /Applications/MAMP/htdocs/CI/venus-shop/vendor/codeigniter4/framework/system/CodeIgniter.php(928): App\Controllers\Home->search()
#6 /Applications/MAMP/htdocs/CI/venus-shop/vendor/codeigniter4/framework/system/CodeIgniter.php(436): CodeIgniter\CodeIgniter->runController(Object(App\Controllers\Home))
#7 /Applications/MAMP/htdocs/CI/venus-shop/vendor/codeigniter4/framework/system/CodeIgniter.php(336): CodeIgniter\CodeIgniter->handleRequest(NULL, Object(Config\Cache), false)
#8 /Applications/MAMP/htdocs/CI/venus-shop/index.php(37): CodeIgniter\CodeIgniter->run()
#9 {main}
CRITICAL - 2021-07-23 00:59:23 --> Undefined variable: result_search
#0 /Applications/MAMP/htdocs/CI/venus-shop/app/Views/web/pages/search.php(14): CodeIgniter\Debug\Exceptions->errorHandler(8, 'Undefined varia...', '/Applications/M...', 14, Array)
#1 /Applications/MAMP/htdocs/CI/venus-shop/vendor/codeigniter4/framework/system/View/View.php(230): include('/Applications/M...')
#2 /Applications/MAMP/htdocs/CI/venus-shop/vendor/codeigniter4/framework/system/View/View.php(232): CodeIgniter\View\View->CodeIgniter\View\{closure}()
#3 /Applications/MAMP/htdocs/CI/venus-shop/vendor/codeigniter4/framework/system/Common.php(1271): CodeIgniter\View\View->render('web/pages/searc...', Array, true)
#4 /Applications/MAMP/htdocs/CI/venus-shop/app/Controllers/Home.php(145): view('web/pages/searc...', Array)
#5 /Applications/MAMP/htdocs/CI/venus-shop/vendor/codeigniter4/framework/system/CodeIgniter.php(928): App\Controllers\Home->search()
#6 /Applications/MAMP/htdocs/CI/venus-shop/vendor/codeigniter4/framework/system/CodeIgniter.php(436): CodeIgniter\CodeIgniter->runController(Object(App\Controllers\Home))
#7 /Applications/MAMP/htdocs/CI/venus-shop/vendor/codeigniter4/framework/system/CodeIgniter.php(336): CodeIgniter\CodeIgniter->handleRequest(NULL, Object(Config\Cache), false)
#8 /Applications/MAMP/htdocs/CI/venus-shop/index.php(37): CodeIgniter\CodeIgniter->run()
#9 {main}
CRITICAL - 2021-07-23 01:00:55 --> Undefined variable: result_search
#0 /Applications/MAMP/htdocs/CI/venus-shop/app/Views/web/pages/search.php(14): CodeIgniter\Debug\Exceptions->errorHandler(8, 'Undefined varia...', '/Applications/M...', 14, Array)
#1 /Applications/MAMP/htdocs/CI/venus-shop/vendor/codeigniter4/framework/system/View/View.php(230): include('/Applications/M...')
#2 /Applications/MAMP/htdocs/CI/venus-shop/vendor/codeigniter4/framework/system/View/View.php(232): CodeIgniter\View\View->CodeIgniter\View\{closure}()
#3 /Applications/MAMP/htdocs/CI/venus-shop/vendor/codeigniter4/framework/system/Common.php(1271): CodeIgniter\View\View->render('web/pages/searc...', Array, true)
#4 /Applications/MAMP/htdocs/CI/venus-shop/app/Controllers/Home.php(144): view('web/pages/searc...', Array)
#5 /Applications/MAMP/htdocs/CI/venus-shop/vendor/codeigniter4/framework/system/CodeIgniter.php(928): App\Controllers\Home->search()
#6 /Applications/MAMP/htdocs/CI/venus-shop/vendor/codeigniter4/framework/system/CodeIgniter.php(436): CodeIgniter\CodeIgniter->runController(Object(App\Controllers\Home))
#7 /Applications/MAMP/htdocs/CI/venus-shop/vendor/codeigniter4/framework/system/CodeIgniter.php(336): CodeIgniter\CodeIgniter->handleRequest(NULL, Object(Config\Cache), false)
#8 /Applications/MAMP/htdocs/CI/venus-shop/index.php(37): CodeIgniter\CodeIgniter->run()
#9 {main}
CRITICAL - 2021-07-23 01:00:59 --> Undefined variable: result_search
#0 /Applications/MAMP/htdocs/CI/venus-shop/app/Views/web/pages/search.php(14): CodeIgniter\Debug\Exceptions->errorHandler(8, 'Undefined varia...', '/Applications/M...', 14, Array)
#1 /Applications/MAMP/htdocs/CI/venus-shop/vendor/codeigniter4/framework/system/View/View.php(230): include('/Applications/M...')
#2 /Applications/MAMP/htdocs/CI/venus-shop/vendor/codeigniter4/framework/system/View/View.php(232): CodeIgniter\View\View->CodeIgniter\View\{closure}()
#3 /Applications/MAMP/htdocs/CI/venus-shop/vendor/codeigniter4/framework/system/Common.php(1271): CodeIgniter\View\View->render('web/pages/searc...', Array, true)
#4 /Applications/MAMP/htdocs/CI/venus-shop/app/Controllers/Home.php(144): view('web/pages/searc...', Array)
#5 /Applications/MAMP/htdocs/CI/venus-shop/vendor/codeigniter4/framework/system/CodeIgniter.php(928): App\Controllers\Home->search()
#6 /Applications/MAMP/htdocs/CI/venus-shop/vendor/codeigniter4/framework/system/CodeIgniter.php(436): CodeIgniter\CodeIgniter->runController(Object(App\Controllers\Home))
#7 /Applications/MAMP/htdocs/CI/venus-shop/vendor/codeigniter4/framework/system/CodeIgniter.php(336): CodeIgniter\CodeIgniter->handleRequest(NULL, Object(Config\Cache), false)
#8 /Applications/MAMP/htdocs/CI/venus-shop/index.php(37): CodeIgniter\CodeIgniter->run()
#9 {main}
CRITICAL - 2021-07-23 01:01:57 --> Undefined variable: result_search
#0 /Applications/MAMP/htdocs/CI/venus-shop/app/Views/web/pages/search.php(14): CodeIgniter\Debug\Exceptions->errorHandler(8, 'Undefined varia...', '/Applications/M...', 14, Array)
#1 /Applications/MAMP/htdocs/CI/venus-shop/vendor/codeigniter4/framework/system/View/View.php(230): include('/Applications/M...')
#2 /Applications/MAMP/htdocs/CI/venus-shop/vendor/codeigniter4/framework/system/View/View.php(232): CodeIgniter\View\View->CodeIgniter\View\{closure}()
#3 /Applications/MAMP/htdocs/CI/venus-shop/vendor/codeigniter4/framework/system/Common.php(1271): CodeIgniter\View\View->render('web/pages/searc...', Array, true)
#4 /Applications/MAMP/htdocs/CI/venus-shop/app/Controllers/Home.php(144): view('web/pages/searc...', Array)
#5 /Applications/MAMP/htdocs/CI/venus-shop/vendor/codeigniter4/framework/system/CodeIgniter.php(928): App\Controllers\Home->search()
#6 /Applications/MAMP/htdocs/CI/venus-shop/vendor/codeigniter4/framework/system/CodeIgniter.php(436): CodeIgniter\CodeIgniter->runController(Object(App\Controllers\Home))
#7 /Applications/MAMP/htdocs/CI/venus-shop/vendor/codeigniter4/framework/system/CodeIgniter.php(336): CodeIgniter\CodeIgniter->handleRequest(NULL, Object(Config\Cache), false)
#8 /Applications/MAMP/htdocs/CI/venus-shop/index.php(37): CodeIgniter\CodeIgniter->run()
#9 {main}
CRITICAL - 2021-07-23 01:02:12 --> Undefined variable: result_search
#0 /Applications/MAMP/htdocs/CI/venus-shop/app/Views/web/pages/search.php(14): CodeIgniter\Debug\Exceptions->errorHandler(8, 'Undefined varia...', '/Applications/M...', 14, Array)
#1 /Applications/MAMP/htdocs/CI/venus-shop/vendor/codeigniter4/framework/system/View/View.php(230): include('/Applications/M...')
#2 /Applications/MAMP/htdocs/CI/venus-shop/vendor/codeigniter4/framework/system/View/View.php(232): CodeIgniter\View\View->CodeIgniter\View\{closure}()
#3 /Applications/MAMP/htdocs/CI/venus-shop/vendor/codeigniter4/framework/system/Common.php(1271): CodeIgniter\View\View->render('web/pages/searc...', Array, true)
#4 /Applications/MAMP/htdocs/CI/venus-shop/app/Controllers/Home.php(144): view('web/pages/searc...', Array)
#5 /Applications/MAMP/htdocs/CI/venus-shop/vendor/codeigniter4/framework/system/CodeIgniter.php(928): App\Controllers\Home->search()
#6 /Applications/MAMP/htdocs/CI/venus-shop/vendor/codeigniter4/framework/system/CodeIgniter.php(436): CodeIgniter\CodeIgniter->runController(Object(App\Controllers\Home))
#7 /Applications/MAMP/htdocs/CI/venus-shop/vendor/codeigniter4/framework/system/CodeIgniter.php(336): CodeIgniter\CodeIgniter->handleRequest(NULL, Object(Config\Cache), false)
#8 /Applications/MAMP/htdocs/CI/venus-shop/index.php(37): CodeIgniter\CodeIgniter->run()
#9 {main}
CRITICAL - 2021-07-23 01:02:25 --> Undefined variable: result_search
#0 /Applications/MAMP/htdocs/CI/venus-shop/app/Views/web/pages/search.php(14): CodeIgniter\Debug\Exceptions->errorHandler(8, 'Undefined varia...', '/Applications/M...', 14, Array)
#1 /Applications/MAMP/htdocs/CI/venus-shop/vendor/codeigniter4/framework/system/View/View.php(230): include('/Applications/M...')
#2 /Applications/MAMP/htdocs/CI/venus-shop/vendor/codeigniter4/framework/system/View/View.php(232): CodeIgniter\View\View->CodeIgniter\View\{closure}()
#3 /Applications/MAMP/htdocs/CI/venus-shop/vendor/codeigniter4/framework/system/Common.php(1271): CodeIgniter\View\View->render('web/pages/searc...', Array, true)
#4 /Applications/MAMP/htdocs/CI/venus-shop/app/Controllers/Home.php(144): view('web/pages/searc...', Array)
#5 /Applications/MAMP/htdocs/CI/venus-shop/vendor/codeigniter4/framework/system/CodeIgniter.php(928): App\Controllers\Home->search()
#6 /Applications/MAMP/htdocs/CI/venus-shop/vendor/codeigniter4/framework/system/CodeIgniter.php(436): CodeIgniter\CodeIgniter->runController(Object(App\Controllers\Home))
#7 /Applications/MAMP/htdocs/CI/venus-shop/vendor/codeigniter4/framework/system/CodeIgniter.php(336): CodeIgniter\CodeIgniter->handleRequest(NULL, Object(Config\Cache), false)
#8 /Applications/MAMP/htdocs/CI/venus-shop/index.php(37): CodeIgniter\CodeIgniter->run()
#9 {main}
CRITICAL - 2021-07-23 01:06:57 --> Undefined variable: result_search
#0 /Applications/MAMP/htdocs/CI/venus-shop/app/Views/web/pages/search.php(14): CodeIgniter\Debug\Exceptions->errorHandler(8, 'Undefined varia...', '/Applications/M...', 14, Array)
#1 /Applications/MAMP/htdocs/CI/venus-shop/vendor/codeigniter4/framework/system/View/View.php(230): include('/Applications/M...')
#2 /Applications/MAMP/htdocs/CI/venus-shop/vendor/codeigniter4/framework/system/View/View.php(232): CodeIgniter\View\View->CodeIgniter\View\{closure}()
#3 /Applications/MAMP/htdocs/CI/venus-shop/vendor/codeigniter4/framework/system/Common.php(1271): CodeIgniter\View\View->render('web/pages/searc...', Array, true)
#4 /Applications/MAMP/htdocs/CI/venus-shop/app/Controllers/Home.php(144): view('web/pages/searc...', Array)
#5 /Applications/MAMP/htdocs/CI/venus-shop/vendor/codeigniter4/framework/system/CodeIgniter.php(928): App\Controllers\Home->search()
#6 /Applications/MAMP/htdocs/CI/venus-shop/vendor/codeigniter4/framework/system/CodeIgniter.php(436): CodeIgniter\CodeIgniter->runController(Object(App\Controllers\Home))
#7 /Applications/MAMP/htdocs/CI/venus-shop/vendor/codeigniter4/framework/system/CodeIgniter.php(336): CodeIgniter\CodeIgniter->handleRequest(NULL, Object(Config\Cache), false)
#8 /Applications/MAMP/htdocs/CI/venus-shop/index.php(37): CodeIgniter\CodeIgniter->run()
#9 {main}
CRITICAL - 2021-07-23 01:07:23 --> Undefined variable: result_search
#0 /Applications/MAMP/htdocs/CI/venus-shop/app/Views/web/pages/search.php(14): CodeIgniter\Debug\Exceptions->errorHandler(8, 'Undefined varia...', '/Applications/M...', 14, Array)
#1 /Applications/MAMP/htdocs/CI/venus-shop/vendor/codeigniter4/framework/system/View/View.php(230): include('/Applications/M...')
#2 /Applications/MAMP/htdocs/CI/venus-shop/vendor/codeigniter4/framework/system/View/View.php(232): CodeIgniter\View\View->CodeIgniter\View\{closure}()
#3 /Applications/MAMP/htdocs/CI/venus-shop/vendor/codeigniter4/framework/system/Common.php(1271): CodeIgniter\View\View->render('web/pages/searc...', Array, true)
#4 /Applications/MAMP/htdocs/CI/venus-shop/app/Controllers/Home.php(157): view('web/pages/searc...', Array)
#5 /Applications/MAMP/htdocs/CI/venus-shop/vendor/codeigniter4/framework/system/CodeIgniter.php(928): App\Controllers\Home->search()
#6 /Applications/MAMP/htdocs/CI/venus-shop/vendor/codeigniter4/framework/system/CodeIgniter.php(436): CodeIgniter\CodeIgniter->runController(Object(App\Controllers\Home))
#7 /Applications/MAMP/htdocs/CI/venus-shop/vendor/codeigniter4/framework/system/CodeIgniter.php(336): CodeIgniter\CodeIgniter->handleRequest(NULL, Object(Config\Cache), false)
#8 /Applications/MAMP/htdocs/CI/venus-shop/index.php(37): CodeIgniter\CodeIgniter->run()
#9 {main}
CRITICAL - 2021-07-23 01:07:57 --> Undefined variable: result_search
#0 /Applications/MAMP/htdocs/CI/venus-shop/app/Views/web/pages/search.php(14): CodeIgniter\Debug\Exceptions->errorHandler(8, 'Undefined varia...', '/Applications/M...', 14, Array)
#1 /Applications/MAMP/htdocs/CI/venus-shop/vendor/codeigniter4/framework/system/View/View.php(230): include('/Applications/M...')
#2 /Applications/MAMP/htdocs/CI/venus-shop/vendor/codeigniter4/framework/system/View/View.php(232): CodeIgniter\View\View->CodeIgniter\View\{closure}()
#3 /Applications/MAMP/htdocs/CI/venus-shop/vendor/codeigniter4/framework/system/Common.php(1271): CodeIgniter\View\View->render('web/pages/searc...', Array, true)
#4 /Applications/MAMP/htdocs/CI/venus-shop/app/Controllers/Home.php(157): view('web/pages/searc...', Array)
#5 /Applications/MAMP/htdocs/CI/venus-shop/vendor/codeigniter4/framework/system/CodeIgniter.php(928): App\Controllers\Home->search()
#6 /Applications/MAMP/htdocs/CI/venus-shop/vendor/codeigniter4/framework/system/CodeIgniter.php(436): CodeIgniter\CodeIgniter->runController(Object(App\Controllers\Home))
#7 /Applications/MAMP/htdocs/CI/venus-shop/vendor/codeigniter4/framework/system/CodeIgniter.php(336): CodeIgniter\CodeIgniter->handleRequest(NULL, Object(Config\Cache), false)
#8 /Applications/MAMP/htdocs/CI/venus-shop/index.php(37): CodeIgniter\CodeIgniter->run()
#9 {main}
CRITICAL - 2021-07-23 01:07:59 --> Undefined variable: result_search
#0 /Applications/MAMP/htdocs/CI/venus-shop/app/Views/web/pages/search.php(14): CodeIgniter\Debug\Exceptions->errorHandler(8, 'Undefined varia...', '/Applications/M...', 14, Array)
#1 /Applications/MAMP/htdocs/CI/venus-shop/vendor/codeigniter4/framework/system/View/View.php(230): include('/Applications/M...')
#2 /Applications/MAMP/htdocs/CI/venus-shop/vendor/codeigniter4/framework/system/View/View.php(232): CodeIgniter\View\View->CodeIgniter\View\{closure}()
#3 /Applications/MAMP/htdocs/CI/venus-shop/vendor/codeigniter4/framework/system/Common.php(1271): CodeIgniter\View\View->render('web/pages/searc...', Array, true)
#4 /Applications/MAMP/htdocs/CI/venus-shop/app/Controllers/Home.php(157): view('web/pages/searc...', Array)
#5 /Applications/MAMP/htdocs/CI/venus-shop/vendor/codeigniter4/framework/system/CodeIgniter.php(928): App\Controllers\Home->search()
#6 /Applications/MAMP/htdocs/CI/venus-shop/vendor/codeigniter4/framework/system/CodeIgniter.php(436): CodeIgniter\CodeIgniter->runController(Object(App\Controllers\Home))
#7 /Applications/MAMP/htdocs/CI/venus-shop/vendor/codeigniter4/framework/system/CodeIgniter.php(336): CodeIgniter\CodeIgniter->handleRequest(NULL, Object(Config\Cache), false)
#8 /Applications/MAMP/htdocs/CI/venus-shop/index.php(37): CodeIgniter\CodeIgniter->run()
#9 {main}
CRITICAL - 2021-07-23 01:09:32 --> Undefined variable: result_search
#0 /Applications/MAMP/htdocs/CI/venus-shop/app/Views/web/pages/search.php(14): CodeIgniter\Debug\Exceptions->errorHandler(8, 'Undefined varia...', '/Applications/M...', 14, Array)
#1 /Applications/MAMP/htdocs/CI/venus-shop/vendor/codeigniter4/framework/system/View/View.php(230): include('/Applications/M...')
#2 /Applications/MAMP/htdocs/CI/venus-shop/vendor/codeigniter4/framework/system/View/View.php(232): CodeIgniter\View\View->CodeIgniter\View\{closure}()
#3 /Applications/MAMP/htdocs/CI/venus-shop/vendor/codeigniter4/framework/system/Common.php(1271): CodeIgniter\View\View->render('web/pages/searc...', Array, true)
#4 /Applications/MAMP/htdocs/CI/venus-shop/app/Controllers/Home.php(152): view('web/pages/searc...', Array)
#5 /Applications/MAMP/htdocs/CI/venus-shop/vendor/codeigniter4/framework/system/CodeIgniter.php(928): App\Controllers\Home->search()
#6 /Applications/MAMP/htdocs/CI/venus-shop/vendor/codeigniter4/framework/system/CodeIgniter.php(436): CodeIgniter\CodeIgniter->runController(Object(App\Controllers\Home))
#7 /Applications/MAMP/htdocs/CI/venus-shop/vendor/codeigniter4/framework/system/CodeIgniter.php(336): CodeIgniter\CodeIgniter->handleRequest(NULL, Object(Config\Cache), false)
#8 /Applications/MAMP/htdocs/CI/venus-shop/index.php(37): CodeIgniter\CodeIgniter->run()
#9 {main}
CRITICAL - 2021-07-23 01:11:07 --> Undefined variable: search
#0 /Applications/MAMP/htdocs/CI/venus-shop/app/Views/web/pages/search.php(9): CodeIgniter\Debug\Exceptions->errorHandler(8, 'Undefined varia...', '/Applications/M...', 9, Array)
#1 /Applications/MAMP/htdocs/CI/venus-shop/vendor/codeigniter4/framework/system/View/View.php(230): include('/Applications/M...')
#2 /Applications/MAMP/htdocs/CI/venus-shop/vendor/codeigniter4/framework/system/View/View.php(232): CodeIgniter\View\View->CodeIgniter\View\{closure}()
#3 /Applications/MAMP/htdocs/CI/venus-shop/vendor/codeigniter4/framework/system/Common.php(1271): CodeIgniter\View\View->render('web/pages/searc...', Array, true)
#4 /Applications/MAMP/htdocs/CI/venus-shop/app/Controllers/Home.php(152): view('web/pages/searc...', Array)
#5 /Applications/MAMP/htdocs/CI/venus-shop/vendor/codeigniter4/framework/system/CodeIgniter.php(928): App\Controllers\Home->search()
#6 /Applications/MAMP/htdocs/CI/venus-shop/vendor/codeigniter4/framework/system/CodeIgniter.php(436): CodeIgniter\CodeIgniter->runController(Object(App\Controllers\Home))
#7 /Applications/MAMP/htdocs/CI/venus-shop/vendor/codeigniter4/framework/system/CodeIgniter.php(336): CodeIgniter\CodeIgniter->handleRequest(NULL, Object(Config\Cache), false)
#8 /Applications/MAMP/htdocs/CI/venus-shop/index.php(37): CodeIgniter\CodeIgniter->run()
#9 {main}
CRITICAL - 2021-07-23 01:13:13 --> Undefined variable: value_search
#0 /Applications/MAMP/htdocs/CI/venus-shop/app/Views/web/pages/search.php(9): CodeIgniter\Debug\Exceptions->errorHandler(8, 'Undefined varia...', '/Applications/M...', 9, Array)
#1 /Applications/MAMP/htdocs/CI/venus-shop/vendor/codeigniter4/framework/system/View/View.php(230): include('/Applications/M...')
#2 /Applications/MAMP/htdocs/CI/venus-shop/vendor/codeigniter4/framework/system/View/View.php(232): CodeIgniter\View\View->CodeIgniter\View\{closure}()
#3 /Applications/MAMP/htdocs/CI/venus-shop/vendor/codeigniter4/framework/system/Common.php(1271): CodeIgniter\View\View->render('web/pages/searc...', Array, true)
#4 /Applications/MAMP/htdocs/CI/venus-shop/app/Controllers/Home.php(152): view('web/pages/searc...', Array)
#5 /Applications/MAMP/htdocs/CI/venus-shop/vendor/codeigniter4/framework/system/CodeIgniter.php(928): App\Controllers\Home->search()
#6 /Applications/MAMP/htdocs/CI/venus-shop/vendor/codeigniter4/framework/system/CodeIgniter.php(436): CodeIgniter\CodeIgniter->runController(Object(App\Controllers\Home))
#7 /Applications/MAMP/htdocs/CI/venus-shop/vendor/codeigniter4/framework/system/CodeIgniter.php(336): CodeIgniter\CodeIgniter->handleRequest(NULL, Object(Config\Cache), false)
#8 /Applications/MAMP/htdocs/CI/venus-shop/index.php(37): CodeIgniter\CodeIgniter->run()
#9 {main}
CRITICAL - 2021-07-23 01:13:39 --> Undefined variable: value_search
#0 /Applications/MAMP/htdocs/CI/venus-shop/app/Controllers/Home.php(152): CodeIgniter\Debug\Exceptions->errorHandler(8, 'Undefined varia...', '/Applications/M...', 152, Array)
#1 /Applications/MAMP/htdocs/CI/venus-shop/vendor/codeigniter4/framework/system/CodeIgniter.php(928): App\Controllers\Home->search()
#2 /Applications/MAMP/htdocs/CI/venus-shop/vendor/codeigniter4/framework/system/CodeIgniter.php(436): CodeIgniter\CodeIgniter->runController(Object(App\Controllers\Home))
#3 /Applications/MAMP/htdocs/CI/venus-shop/vendor/codeigniter4/framework/system/CodeIgniter.php(336): CodeIgniter\CodeIgniter->handleRequest(NULL, Object(Config\Cache), false)
#4 /Applications/MAMP/htdocs/CI/venus-shop/index.php(37): CodeIgniter\CodeIgniter->run()
#5 {main}
CRITICAL - 2021-07-23 01:14:19 --> Undefined variable: value_search
#0 /Applications/MAMP/htdocs/CI/venus-shop/app/Views/web/pages/search.php(9): CodeIgniter\Debug\Exceptions->errorHandler(8, 'Undefined varia...', '/Applications/M...', 9, Array)
#1 /Applications/MAMP/htdocs/CI/venus-shop/vendor/codeigniter4/framework/system/View/View.php(230): include('/Applications/M...')
#2 /Applications/MAMP/htdocs/CI/venus-shop/vendor/codeigniter4/framework/system/View/View.php(232): CodeIgniter\View\View->CodeIgniter\View\{closure}()
#3 /Applications/MAMP/htdocs/CI/venus-shop/vendor/codeigniter4/framework/system/Common.php(1271): CodeIgniter\View\View->render('web/pages/searc...', Array, true)
#4 /Applications/MAMP/htdocs/CI/venus-shop/app/Controllers/Home.php(152): view('web/pages/searc...', Array)
#5 /Applications/MAMP/htdocs/CI/venus-shop/vendor/codeigniter4/framework/system/CodeIgniter.php(928): App\Controllers\Home->search()
#6 /Applications/MAMP/htdocs/CI/venus-shop/vendor/codeigniter4/framework/system/CodeIgniter.php(436): CodeIgniter\CodeIgniter->runController(Object(App\Controllers\Home))
#7 /Applications/MAMP/htdocs/CI/venus-shop/vendor/codeigniter4/framework/system/CodeIgniter.php(336): CodeIgniter\CodeIgniter->handleRequest(NULL, Object(Config\Cache), false)
#8 /Applications/MAMP/htdocs/CI/venus-shop/index.php(37): CodeIgniter\CodeIgniter->run()
#9 {main}
ERROR - 2021-07-23 01:14:35 --> Unknown column 'tb.product_description' in 'where clause'
CRITICAL - 2021-07-23 01:14:35 --> Unknown column 'tb.product_description' in 'where clause'
#0 /Applications/MAMP/htdocs/CI/venus-shop/vendor/codeigniter4/framework/system/Database/MySQLi/Connection.php(329): mysqli->query('SELECT *\nFROM `...')
#1 /Applications/MAMP/htdocs/CI/venus-shop/vendor/codeigniter4/framework/system/Database/BaseConnection.php(732): CodeIgniter\Database\MySQLi\Connection->execute('SELECT *\nFROM `...')
#2 /Applications/MAMP/htdocs/CI/venus-shop/vendor/codeigniter4/framework/system/Database/BaseConnection.php(647): CodeIgniter\Database\BaseConnection->simpleQuery('SELECT *\nFROM `...')
#3 /Applications/MAMP/htdocs/CI/venus-shop/vendor/codeigniter4/framework/system/Database/BaseBuilder.php(1881): CodeIgniter\Database\BaseConnection->query('SELECT *\nFROM `...', Array, false)
#4 /Applications/MAMP/htdocs/CI/venus-shop/app/Models/WebModel.php(161): CodeIgniter\Database\BaseBuilder->get()
#5 /Applications/MAMP/htdocs/CI/venus-shop/app/Controllers/Home.php(143): App\Models\WebModel->get_all_search_product('chien')
#6 /Applications/MAMP/htdocs/CI/venus-shop/vendor/codeigniter4/framework/system/CodeIgniter.php(928): App\Controllers\Home->search()
#7 /Applications/MAMP/htdocs/CI/venus-shop/vendor/codeigniter4/framework/system/CodeIgniter.php(436): CodeIgniter\CodeIgniter->runController(Object(App\Controllers\Home))
#8 /Applications/MAMP/htdocs/CI/venus-shop/vendor/codeigniter4/framework/system/CodeIgniter.php(336): CodeIgniter\CodeIgniter->handleRequest(NULL, Object(Config\Cache), false)
#9 /Applications/MAMP/htdocs/CI/venus-shop/index.php(37): CodeIgniter\CodeIgniter->run()
#10 {main}
CRITICAL - 2021-07-23 01:15:26 --> Undefined variable: data
#0 /Applications/MAMP/htdocs/CI/venus-shop/app/Views/web/inc/head.php(1): CodeIgniter\Debug\Exceptions->errorHandler(8, 'Undefined varia...', '/Applications/M...', 1, Array)
#1 /Applications/MAMP/htdocs/CI/venus-shop/vendor/codeigniter4/framework/system/View/View.php(230): include('/Applications/M...')
#2 /Applications/MAMP/htdocs/CI/venus-shop/vendor/codeigniter4/framework/system/View/View.php(232): CodeIgniter\View\View->CodeIgniter\View\{closure}()
#3 /Applications/MAMP/htdocs/CI/venus-shop/vendor/codeigniter4/framework/system/View/View.php(487): CodeIgniter\View\View->render('web/inc/head', NULL, true)
#4 /Applications/MAMP/htdocs/CI/venus-shop/app/Views/web/layouts/main_layout.php(5): CodeIgniter\View\View->include('web/inc/head')
#5 /Applications/MAMP/htdocs/CI/venus-shop/vendor/codeigniter4/framework/system/View/View.php(230): include('/Applications/M...')
#6 /Applications/MAMP/htdocs/CI/venus-shop/vendor/codeigniter4/framework/system/View/View.php(232): CodeIgniter\View\View->CodeIgniter\View\{closure}()
#7 /Applications/MAMP/htdocs/CI/venus-shop/vendor/codeigniter4/framework/system/View/View.php(246): CodeIgniter\View\View->render('web/layouts/mai...', Array, true)
#8 /Applications/MAMP/htdocs/CI/venus-shop/vendor/codeigniter4/framework/system/Common.php(1271): CodeIgniter\View\View->render('web/pages/searc...', Array, true)
#9 /Applications/MAMP/htdocs/CI/venus-shop/app/Controllers/Home.php(148): view('web/pages/searc...', Array)
#10 /Applications/MAMP/htdocs/CI/venus-shop/vendor/codeigniter4/framework/system/CodeIgniter.php(928): App\Controllers\Home->search()
#11 /Applications/MAMP/htdocs/CI/venus-shop/vendor/codeigniter4/framework/system/CodeIgniter.php(436): CodeIgniter\CodeIgniter->runController(Object(App\Controllers\Home))
#12 /Applications/MAMP/htdocs/CI/venus-shop/vendor/codeigniter4/framework/system/CodeIgniter.php(336): CodeIgniter\CodeIgniter->handleRequest(NULL, Object(Config\Cache), false)
#13 /Applications/MAMP/htdocs/CI/venus-shop/index.php(37): CodeIgniter\CodeIgniter->run()
#14 {main}
ERROR - 2021-07-23 01:53:33 --> You have an error in your SQL syntax; check the manual that corresponds to your MySQL server version for the right syntax to use near 'OR `tb`.`short_description` LIKE '%chien%')
ORDER BY `tb`.`product_id` DESC' at line 7
CRITICAL - 2021-07-23 01:53:33 --> You have an error in your SQL syntax; check the manual that corresponds to your MySQL server version for the right syntax to use near 'OR `tb`.`short_description` LIKE '%chien%')
ORDER BY `tb`.`product_id` DESC' at line 7
#0 /Applications/MAMP/htdocs/CI/venus-shop/vendor/codeigniter4/framework/system/Database/MySQLi/Connection.php(329): mysqli->query('SELECT *\nFROM `...')
#1 /Applications/MAMP/htdocs/CI/venus-shop/vendor/codeigniter4/framework/system/Database/BaseConnection.php(732): CodeIgniter\Database\MySQLi\Connection->execute('SELECT *\nFROM `...')
#2 /Applications/MAMP/htdocs/CI/venus-shop/vendor/codeigniter4/framework/system/Database/BaseConnection.php(647): CodeIgniter\Database\BaseConnection->simpleQuery('SELECT *\nFROM `...')
#3 /Applications/MAMP/htdocs/CI/venus-shop/vendor/codeigniter4/framework/system/Database/BaseBuilder.php(1881): CodeIgniter\Database\BaseConnection->query('SELECT *\nFROM `...', Array, false)
#4 /Applications/MAMP/htdocs/CI/venus-shop/app/Models/WebModel.php(162): CodeIgniter\Database\BaseBuilder->get()
#5 /Applications/MAMP/htdocs/CI/venus-shop/app/Controllers/Home.php(143): App\Models\WebModel->get_all_search_product('chien')
#6 /Applications/MAMP/htdocs/CI/venus-shop/vendor/codeigniter4/framework/system/CodeIgniter.php(928): App\Controllers\Home->search()
#7 /Applications/MAMP/htdocs/CI/venus-shop/vendor/codeigniter4/framework/system/CodeIgniter.php(436): CodeIgniter\CodeIgniter->runController(Object(App\Controllers\Home))
#8 /Applications/MAMP/htdocs/CI/venus-shop/vendor/codeigniter4/framework/system/CodeIgniter.php(336): CodeIgniter\CodeIgniter->handleRequest(NULL, Object(Config\Cache), false)
#9 /Applications/MAMP/htdocs/CI/venus-shop/index.php(37): CodeIgniter\CodeIgniter->run()
#10 {main}
ERROR - 2021-07-23 01:54:14 --> You have an error in your SQL syntax; check the manual that corresponds to your MySQL server version for the right syntax to use near '')
ORDER BY `tb`.`product_id` DESC' at line 7
CRITICAL - 2021-07-23 01:54:14 --> You have an error in your SQL syntax; check the manual that corresponds to your MySQL server version for the right syntax to use near '')
ORDER BY `tb`.`product_id` DESC' at line 7
#0 /Applications/MAMP/htdocs/CI/venus-shop/vendor/codeigniter4/framework/system/Database/MySQLi/Connection.php(329): mysqli->query('SELECT *\nFROM `...')
#1 /Applications/MAMP/htdocs/CI/venus-shop/vendor/codeigniter4/framework/system/Database/BaseConnection.php(732): CodeIgniter\Database\MySQLi\Connection->execute('SELECT *\nFROM `...')
#2 /Applications/MAMP/htdocs/CI/venus-shop/vendor/codeigniter4/framework/system/Database/BaseConnection.php(647): CodeIgniter\Database\BaseConnection->simpleQuery('SELECT *\nFROM `...')
#3 /Applications/MAMP/htdocs/CI/venus-shop/vendor/codeigniter4/framework/system/Database/BaseBuilder.php(1881): CodeIgniter\Database\BaseConnection->query('SELECT *\nFROM `...', Array, false)
#4 /Applications/MAMP/htdocs/CI/venus-shop/app/Models/WebModel.php(162): CodeIgniter\Database\BaseBuilder->get()
#5 /Applications/MAMP/htdocs/CI/venus-shop/app/Controllers/Home.php(143): App\Models\WebModel->get_all_search_product('chien')
#6 /Applications/MAMP/htdocs/CI/venus-shop/vendor/codeigniter4/framework/system/CodeIgniter.php(928): App\Controllers\Home->search()
#7 /Applications/MAMP/htdocs/CI/venus-shop/vendor/codeigniter4/framework/system/CodeIgniter.php(436): CodeIgniter\CodeIgniter->runController(Object(App\Controllers\Home))
#8 /Applications/MAMP/htdocs/CI/venus-shop/vendor/codeigniter4/framework/system/CodeIgniter.php(336): CodeIgniter\CodeIgniter->handleRequest(NULL, Object(Config\Cache), false)
#9 /Applications/MAMP/htdocs/CI/venus-shop/index.php(37): CodeIgniter\CodeIgniter->run()
#10 {main}
ERROR - 2021-07-23 01:54:54 --> You have an error in your SQL syntax; check the manual that corresponds to your MySQL server version for the right syntax to use near '')
ORDER BY `tb`.`product_id` DESC' at line 7
CRITICAL - 2021-07-23 01:54:54 --> You have an error in your SQL syntax; check the manual that corresponds to your MySQL server version for the right syntax to use near '')
ORDER BY `tb`.`product_id` DESC' at line 7
#0 /Applications/MAMP/htdocs/CI/venus-shop/vendor/codeigniter4/framework/system/Database/MySQLi/Connection.php(329): mysqli->query('SELECT *\nFROM `...')
#1 /Applications/MAMP/htdocs/CI/venus-shop/vendor/codeigniter4/framework/system/Database/BaseConnection.php(732): CodeIgniter\Database\MySQLi\Connection->execute('SELECT *\nFROM `...')
#2 /Applications/MAMP/htdocs/CI/venus-shop/vendor/codeigniter4/framework/system/Database/BaseConnection.php(647): CodeIgniter\Database\BaseConnection->simpleQuery('SELECT *\nFROM `...')
#3 /Applications/MAMP/htdocs/CI/venus-shop/vendor/codeigniter4/framework/system/Database/BaseBuilder.php(1881): CodeIgniter\Database\BaseConnection->query('SELECT *\nFROM `...', Array, false)
#4 /Applications/MAMP/htdocs/CI/venus-shop/app/Models/WebModel.php(162): CodeIgniter\Database\BaseBuilder->get()
#5 /Applications/MAMP/htdocs/CI/venus-shop/app/Controllers/Home.php(143): App\Models\WebModel->get_all_search_product('chien')
#6 /Applications/MAMP/htdocs/CI/venus-shop/vendor/codeigniter4/framework/system/CodeIgniter.php(928): App\Controllers\Home->search()
#7 /Applications/MAMP/htdocs/CI/venus-shop/vendor/codeigniter4/framework/system/CodeIgniter.php(436): CodeIgniter\CodeIgniter->runController(Object(App\Controllers\Home))
#8 /Applications/MAMP/htdocs/CI/venus-shop/vendor/codeigniter4/framework/system/CodeIgniter.php(336): CodeIgniter\CodeIgniter->handleRequest(NULL, Object(Config\Cache), false)
#9 /Applications/MAMP/htdocs/CI/venus-shop/index.php(37): CodeIgniter\CodeIgniter->run()
#10 {main}
ERROR - 2021-07-23 01:55:06 --> You have an error in your SQL syntax; check the manual that corresponds to your MySQL server version for the right syntax to use near '')
ORDER BY `tb`.`product_id` DESC' at line 7
CRITICAL - 2021-07-23 01:55:06 --> You have an error in your SQL syntax; check the manual that corresponds to your MySQL server version for the right syntax to use near '')
ORDER BY `tb`.`product_id` DESC' at line 7
#0 /Applications/MAMP/htdocs/CI/venus-shop/vendor/codeigniter4/framework/system/Database/MySQLi/Connection.php(329): mysqli->query('SELECT *\nFROM `...')
#1 /Applications/MAMP/htdocs/CI/venus-shop/vendor/codeigniter4/framework/system/Database/BaseConnection.php(732): CodeIgniter\Database\MySQLi\Connection->execute('SELECT *\nFROM `...')
#2 /Applications/MAMP/htdocs/CI/venus-shop/vendor/codeigniter4/framework/system/Database/BaseConnection.php(647): CodeIgniter\Database\BaseConnection->simpleQuery('SELECT *\nFROM `...')
#3 /Applications/MAMP/htdocs/CI/venus-shop/vendor/codeigniter4/framework/system/Database/BaseBuilder.php(1881): CodeIgniter\Database\BaseConnection->query('SELECT *\nFROM `...', Array, false)
#4 /Applications/MAMP/htdocs/CI/venus-shop/app/Models/WebModel.php(162): CodeIgniter\Database\BaseBuilder->get()
#5 /Applications/MAMP/htdocs/CI/venus-shop/app/Controllers/Home.php(143): App\Models\WebModel->get_all_search_product('chien')
#6 /Applications/MAMP/htdocs/CI/venus-shop/vendor/codeigniter4/framework/system/CodeIgniter.php(928): App\Controllers\Home->search()
#7 /Applications/MAMP/htdocs/CI/venus-shop/vendor/codeigniter4/framework/system/CodeIgniter.php(436): CodeIgniter\CodeIgniter->runController(Object(App\Controllers\Home))
#8 /Applications/MAMP/htdocs/CI/venus-shop/vendor/codeigniter4/framework/system/CodeIgniter.php(336): CodeIgniter\CodeIgniter->handleRequest(NULL, Object(Config\Cache), false)
#9 /Applications/MAMP/htdocs/CI/venus-shop/index.php(37): CodeIgniter\CodeIgniter->run()
#10 {main}
ERROR - 2021-07-23 01:55:19 --> You have an error in your SQL syntax; check the manual that corresponds to your MySQL server version for the right syntax to use near '')' at line 7
CRITICAL - 2021-07-23 01:55:19 --> You have an error in your SQL syntax; check the manual that corresponds to your MySQL server version for the right syntax to use near '')' at line 7
#0 /Applications/MAMP/htdocs/CI/venus-shop/vendor/codeigniter4/framework/system/Database/MySQLi/Connection.php(329): mysqli->query('SELECT *\nFROM `...')
#1 /Applications/MAMP/htdocs/CI/venus-shop/vendor/codeigniter4/framework/system/Database/BaseConnection.php(732): CodeIgniter\Database\MySQLi\Connection->execute('SELECT *\nFROM `...')
#2 /Applications/MAMP/htdocs/CI/venus-shop/vendor/codeigniter4/framework/system/Database/BaseConnection.php(647): CodeIgniter\Database\BaseConnection->simpleQuery('SELECT *\nFROM `...')
#3 /Applications/MAMP/htdocs/CI/venus-shop/vendor/codeigniter4/framework/system/Database/BaseBuilder.php(1881): CodeIgniter\Database\BaseConnection->query('SELECT *\nFROM `...', Array, false)
#4 /Applications/MAMP/htdocs/CI/venus-shop/app/Models/WebModel.php(162): CodeIgniter\Database\BaseBuilder->get()
#5 /Applications/MAMP/htdocs/CI/venus-shop/app/Controllers/Home.php(143): App\Models\WebModel->get_all_search_product('chien')
#6 /Applications/MAMP/htdocs/CI/venus-shop/vendor/codeigniter4/framework/system/CodeIgniter.php(928): App\Controllers\Home->search()
#7 /Applications/MAMP/htdocs/CI/venus-shop/vendor/codeigniter4/framework/system/CodeIgniter.php(436): CodeIgniter\CodeIgniter->runController(Object(App\Controllers\Home))
#8 /Applications/MAMP/htdocs/CI/venus-shop/vendor/codeigniter4/framework/system/CodeIgniter.php(336): CodeIgniter\CodeIgniter->handleRequest(NULL, Object(Config\Cache), false)
#9 /Applications/MAMP/htdocs/CI/venus-shop/index.php(37): CodeIgniter\CodeIgniter->run()
#10 {main}
CRITICAL - 2021-07-23 03:46:43 --> Undefined property: CodeIgniter\View\View::$session
#0 /Applications/MAMP/htdocs/CI/venus-shop/app/Views/web/pages/login_client.php(20): CodeIgniter\Debug\Exceptions->errorHandler(8, 'Undefined prope...', '/Applications/M...', 20, Array)
#1 /Applications/MAMP/htdocs/CI/venus-shop/vendor/codeigniter4/framework/system/View/View.php(230): include('/Applications/M...')
#2 /Applications/MAMP/htdocs/CI/venus-shop/vendor/codeigniter4/framework/system/View/View.php(232): CodeIgniter\View\View->CodeIgniter\View\{closure}()
#3 /Applications/MAMP/htdocs/CI/venus-shop/vendor/codeigniter4/framework/system/Common.php(1271): CodeIgniter\View\View->render('web/pages/login...', Array, true)
#4 /Applications/MAMP/htdocs/CI/venus-shop/app/Controllers/Home.php(157): view('web/pages/login...', Array)
#5 /Applications/MAMP/htdocs/CI/venus-shop/vendor/codeigniter4/framework/system/CodeIgniter.php(928): App\Controllers\Home->client_login()
#6 /Applications/MAMP/htdocs/CI/venus-shop/vendor/codeigniter4/framework/system/CodeIgniter.php(436): CodeIgniter\CodeIgniter->runController(Object(App\Controllers\Home))
#7 /Applications/MAMP/htdocs/CI/venus-shop/vendor/codeigniter4/framework/system/CodeIgniter.php(336): CodeIgniter\CodeIgniter->handleRequest(NULL, Object(Config\Cache), false)
#8 /Applications/MAMP/htdocs/CI/venus-shop/index.php(37): CodeIgniter\CodeIgniter->run()
#9 {main}
CRITICAL - 2021-07-23 09:45:23 --> Undefined property: CodeIgniter\View\View::$session
#0 /Applications/MAMP/htdocs/CI/venus-shop/app/Views/web/pages/register_client.php(12): CodeIgniter\Debug\Exceptions->errorHandler(8, 'Undefined prope...', '/Applications/M...', 12, Array)
#1 /Applications/MAMP/htdocs/CI/venus-shop/vendor/codeigniter4/framework/system/View/View.php(230): include('/Applications/M...')
#2 /Applications/MAMP/htdocs/CI/venus-shop/vendor/codeigniter4/framework/system/View/View.php(232): CodeIgniter\View\View->CodeIgniter\View\{closure}()
#3 /Applications/MAMP/htdocs/CI/venus-shop/vendor/codeigniter4/framework/system/Common.php(1271): CodeIgniter\View\View->render('web/pages/regis...', Array, true)
#4 /Applications/MAMP/htdocs/CI/venus-shop/app/Controllers/Home.php(163): view('web/pages/regis...', Array)
#5 /Applications/MAMP/htdocs/CI/venus-shop/vendor/codeigniter4/framework/system/CodeIgniter.php(928): App\Controllers\Home->client_register()
#6 /Applications/MAMP/htdocs/CI/venus-shop/vendor/codeigniter4/framework/system/CodeIgniter.php(436): CodeIgniter\CodeIgniter->runController(Object(App\Controllers\Home))
#7 /Applications/MAMP/htdocs/CI/venus-shop/vendor/codeigniter4/framework/system/CodeIgniter.php(336): CodeIgniter\CodeIgniter->handleRequest(NULL, Object(Config\Cache), false)
#8 /Applications/MAMP/htdocs/CI/venus-shop/index.php(37): CodeIgniter\CodeIgniter->run()
#9 {main}
