CRITICAL - 2021-07-26 03:36:43 --> Allowed fields must be specified for model: App\Models\CustomerModel
#0 /Applications/MAMP/htdocs/CI/venus-shop/vendor/codeigniter4/framework/system/BaseModel.php(1205): CodeIgniter\Database\Exceptions\DataException::forInvalidAllowedFields('App\\Models\\Cust...')
#1 /Applications/MAMP/htdocs/CI/venus-shop/vendor/codeigniter4/framework/system/BaseModel.php(745): CodeIgniter\BaseModel->doProtectFields(Array)
#2 /Applications/MAMP/htdocs/CI/venus-shop/vendor/codeigniter4/framework/system/Model.php(686): CodeIgniter\BaseModel->insert(Array, false)
#3 /Applications/MAMP/htdocs/CI/venus-shop/vendor/codeigniter4/framework/system/BaseModel.php(687): CodeIgniter\Model->insert(Array, false)
#4 /Applications/MAMP/htdocs/CI/venus-shop/app/Controllers/Customer.php(203): CodeIgniter\BaseModel->save(Array)
#5 /Applications/MAMP/htdocs/CI/venus-shop/vendor/codeigniter4/framework/system/CodeIgniter.php(928): App\Controllers\Customer->client_register()
#6 /Applications/MAMP/htdocs/CI/venus-shop/vendor/codeigniter4/framework/system/CodeIgniter.php(436): CodeIgniter\CodeIgniter->runController(Object(App\Controllers\Customer))
#7 /Applications/MAMP/htdocs/CI/venus-shop/vendor/codeigniter4/framework/system/CodeIgniter.php(336): CodeIgniter\CodeIgniter->handleRequest(NULL, Object(Config\Cache), false)
#8 /Applications/MAMP/htdocs/CI/venus-shop/index.php(37): CodeIgniter\CodeIgniter->run()
#9 {main}
CRITICAL - 2021-07-26 03:37:15 --> There is no data to insert.
#0 /Applications/MAMP/htdocs/CI/venus-shop/vendor/codeigniter4/framework/system/BaseModel.php(751): CodeIgniter\Database\Exceptions\DataException::forEmptyDataset('insert')
#1 /Applications/MAMP/htdocs/CI/venus-shop/vendor/codeigniter4/framework/system/Model.php(686): CodeIgniter\BaseModel->insert(Array, false)
#2 /Applications/MAMP/htdocs/CI/venus-shop/vendor/codeigniter4/framework/system/BaseModel.php(687): CodeIgniter\Model->insert(Array, false)
#3 /Applications/MAMP/htdocs/CI/venus-shop/app/Controllers/Customer.php(203): CodeIgniter\BaseModel->save(Array)
#4 /Applications/MAMP/htdocs/CI/venus-shop/vendor/codeigniter4/framework/system/CodeIgniter.php(928): App\Controllers\Customer->client_register()
#5 /Applications/MAMP/htdocs/CI/venus-shop/vendor/codeigniter4/framework/system/CodeIgniter.php(436): CodeIgniter\CodeIgniter->runController(Object(App\Controllers\Customer))
#6 /Applications/MAMP/htdocs/CI/venus-shop/vendor/codeigniter4/framework/system/CodeIgniter.php(336): CodeIgniter\CodeIgniter->handleRequest(NULL, Object(Config\Cache), false)
#7 /Applications/MAMP/htdocs/CI/venus-shop/index.php(37): CodeIgniter\CodeIgniter->run()
#8 {main}
CRITICAL - 2021-07-26 03:38:43 --> There is no data to insert.
#0 /Applications/MAMP/htdocs/CI/venus-shop/vendor/codeigniter4/framework/system/BaseModel.php(751): CodeIgniter\Database\Exceptions\DataException::forEmptyDataset('insert')
#1 /Applications/MAMP/htdocs/CI/venus-shop/vendor/codeigniter4/framework/system/Model.php(686): CodeIgniter\BaseModel->insert(Array, false)
#2 /Applications/MAMP/htdocs/CI/venus-shop/vendor/codeigniter4/framework/system/BaseModel.php(687): CodeIgniter\Model->insert(Array, false)
#3 /Applications/MAMP/htdocs/CI/venus-shop/app/Controllers/Customer.php(203): CodeIgniter\BaseModel->save(Array)
#4 /Applications/MAMP/htdocs/CI/venus-shop/vendor/codeigniter4/framework/system/CodeIgniter.php(928): App\Controllers\Customer->client_register()
#5 /Applications/MAMP/htdocs/CI/venus-shop/vendor/codeigniter4/framework/system/CodeIgniter.php(436): CodeIgniter\CodeIgniter->runController(Object(App\Controllers\Customer))
#6 /Applications/MAMP/htdocs/CI/venus-shop/vendor/codeigniter4/framework/system/CodeIgniter.php(336): CodeIgniter\CodeIgniter->handleRequest(NULL, Object(Config\Cache), false)
#7 /Applications/MAMP/htdocs/CI/venus-shop/index.php(37): CodeIgniter\CodeIgniter->run()
#8 {main}
CRITICAL - 2021-07-26 03:44:32 --> There is no data to insert.
#0 /Applications/MAMP/htdocs/CI/venus-shop/vendor/codeigniter4/framework/system/BaseModel.php(751): CodeIgniter\Database\Exceptions\DataException::forEmptyDataset('insert')
#1 /Applications/MAMP/htdocs/CI/venus-shop/vendor/codeigniter4/framework/system/Model.php(686): CodeIgniter\BaseModel->insert(Array, false)
#2 /Applications/MAMP/htdocs/CI/venus-shop/vendor/codeigniter4/framework/system/BaseModel.php(687): CodeIgniter\Model->insert(Array, false)
#3 /Applications/MAMP/htdocs/CI/venus-shop/app/Controllers/Customer.php(203): CodeIgniter\BaseModel->save(Array)
#4 /Applications/MAMP/htdocs/CI/venus-shop/vendor/codeigniter4/framework/system/CodeIgniter.php(928): App\Controllers\Customer->client_register()
#5 /Applications/MAMP/htdocs/CI/venus-shop/vendor/codeigniter4/framework/system/CodeIgniter.php(436): CodeIgniter\CodeIgniter->runController(Object(App\Controllers\Customer))
#6 /Applications/MAMP/htdocs/CI/venus-shop/vendor/codeigniter4/framework/system/CodeIgniter.php(336): CodeIgniter\CodeIgniter->handleRequest(NULL, Object(Config\Cache), false)
#7 /Applications/MAMP/htdocs/CI/venus-shop/index.php(37): CodeIgniter\CodeIgniter->run()
#8 {main}
CRITICAL - 2021-07-26 03:45:38 --> There is no data to insert.
#0 /Applications/MAMP/htdocs/CI/venus-shop/vendor/codeigniter4/framework/system/BaseModel.php(751): CodeIgniter\Database\Exceptions\DataException::forEmptyDataset('insert')
#1 /Applications/MAMP/htdocs/CI/venus-shop/vendor/codeigniter4/framework/system/Model.php(686): CodeIgniter\BaseModel->insert(Array, false)
#2 /Applications/MAMP/htdocs/CI/venus-shop/vendor/codeigniter4/framework/system/BaseModel.php(687): CodeIgniter\Model->insert(Array, false)
#3 /Applications/MAMP/htdocs/CI/venus-shop/app/Controllers/Customer.php(203): CodeIgniter\BaseModel->save(Array)
#4 /Applications/MAMP/htdocs/CI/venus-shop/vendor/codeigniter4/framework/system/CodeIgniter.php(928): App\Controllers\Customer->client_register()
#5 /Applications/MAMP/htdocs/CI/venus-shop/vendor/codeigniter4/framework/system/CodeIgniter.php(436): CodeIgniter\CodeIgniter->runController(Object(App\Controllers\Customer))
#6 /Applications/MAMP/htdocs/CI/venus-shop/vendor/codeigniter4/framework/system/CodeIgniter.php(336): CodeIgniter\CodeIgniter->handleRequest(NULL, Object(Config\Cache), false)
#7 /Applications/MAMP/htdocs/CI/venus-shop/index.php(37): CodeIgniter\CodeIgniter->run()
#8 {main}
CRITICAL - 2021-07-26 03:46:13 --> There is no data to insert.
#0 /Applications/MAMP/htdocs/CI/venus-shop/vendor/codeigniter4/framework/system/BaseModel.php(751): CodeIgniter\Database\Exceptions\DataException::forEmptyDataset('insert')
#1 /Applications/MAMP/htdocs/CI/venus-shop/vendor/codeigniter4/framework/system/Model.php(686): CodeIgniter\BaseModel->insert(Array, false)
#2 /Applications/MAMP/htdocs/CI/venus-shop/vendor/codeigniter4/framework/system/BaseModel.php(687): CodeIgniter\Model->insert(Array, false)
#3 /Applications/MAMP/htdocs/CI/venus-shop/app/Controllers/Customer.php(203): CodeIgniter\BaseModel->save(Array)
#4 /Applications/MAMP/htdocs/CI/venus-shop/vendor/codeigniter4/framework/system/CodeIgniter.php(928): App\Controllers\Customer->client_register()
#5 /Applications/MAMP/htdocs/CI/venus-shop/vendor/codeigniter4/framework/system/CodeIgniter.php(436): CodeIgniter\CodeIgniter->runController(Object(App\Controllers\Customer))
#6 /Applications/MAMP/htdocs/CI/venus-shop/vendor/codeigniter4/framework/system/CodeIgniter.php(336): CodeIgniter\CodeIgniter->handleRequest(NULL, Object(Config\Cache), false)
#7 /Applications/MAMP/htdocs/CI/venus-shop/index.php(37): CodeIgniter\CodeIgniter->run()
#8 {main}
CRITICAL - 2021-07-26 03:48:02 --> There is no data to insert.
#0 /Applications/MAMP/htdocs/CI/venus-shop/vendor/codeigniter4/framework/system/BaseModel.php(751): CodeIgniter\Database\Exceptions\DataException::forEmptyDataset('insert')
#1 /Applications/MAMP/htdocs/CI/venus-shop/vendor/codeigniter4/framework/system/Model.php(686): CodeIgniter\BaseModel->insert(Array, false)
#2 /Applications/MAMP/htdocs/CI/venus-shop/vendor/codeigniter4/framework/system/BaseModel.php(687): CodeIgniter\Model->insert(Array, false)
#3 /Applications/MAMP/htdocs/CI/venus-shop/app/Controllers/Customer.php(203): CodeIgniter\BaseModel->save(Array)
#4 /Applications/MAMP/htdocs/CI/venus-shop/vendor/codeigniter4/framework/system/CodeIgniter.php(928): App\Controllers\Customer->client_register()
#5 /Applications/MAMP/htdocs/CI/venus-shop/vendor/codeigniter4/framework/system/CodeIgniter.php(436): CodeIgniter\CodeIgniter->runController(Object(App\Controllers\Customer))
#6 /Applications/MAMP/htdocs/CI/venus-shop/vendor/codeigniter4/framework/system/CodeIgniter.php(336): CodeIgniter\CodeIgniter->handleRequest(NULL, Object(Config\Cache), false)
#7 /Applications/MAMP/htdocs/CI/venus-shop/index.php(37): CodeIgniter\CodeIgniter->run()
#8 {main}
CRITICAL - 2021-07-26 03:48:48 --> There is no data to insert.
#0 /Applications/MAMP/htdocs/CI/venus-shop/vendor/codeigniter4/framework/system/BaseModel.php(751): CodeIgniter\Database\Exceptions\DataException::forEmptyDataset('insert')
#1 /Applications/MAMP/htdocs/CI/venus-shop/vendor/codeigniter4/framework/system/Model.php(686): CodeIgniter\BaseModel->insert(Array, false)
#2 /Applications/MAMP/htdocs/CI/venus-shop/vendor/codeigniter4/framework/system/BaseModel.php(687): CodeIgniter\Model->insert(Array, false)
#3 /Applications/MAMP/htdocs/CI/venus-shop/app/Controllers/Customer.php(203): CodeIgniter\BaseModel->save(Array)
#4 /Applications/MAMP/htdocs/CI/venus-shop/vendor/codeigniter4/framework/system/CodeIgniter.php(928): App\Controllers\Customer->client_register()
#5 /Applications/MAMP/htdocs/CI/venus-shop/vendor/codeigniter4/framework/system/CodeIgniter.php(436): CodeIgniter\CodeIgniter->runController(Object(App\Controllers\Customer))
#6 /Applications/MAMP/htdocs/CI/venus-shop/vendor/codeigniter4/framework/system/CodeIgniter.php(336): CodeIgniter\CodeIgniter->handleRequest(NULL, Object(Config\Cache), false)
#7 /Applications/MAMP/htdocs/CI/venus-shop/index.php(37): CodeIgniter\CodeIgniter->run()
#8 {main}
CRITICAL - 2021-07-26 03:52:59 --> There is no data to insert.
#0 /Applications/MAMP/htdocs/CI/venus-shop/vendor/codeigniter4/framework/system/BaseModel.php(751): CodeIgniter\Database\Exceptions\DataException::forEmptyDataset('insert')
#1 /Applications/MAMP/htdocs/CI/venus-shop/vendor/codeigniter4/framework/system/Model.php(686): CodeIgniter\BaseModel->insert(Array, false)
#2 /Applications/MAMP/htdocs/CI/venus-shop/vendor/codeigniter4/framework/system/BaseModel.php(687): CodeIgniter\Model->insert(Array, false)
#3 /Applications/MAMP/htdocs/CI/venus-shop/app/Controllers/Customer.php(204): CodeIgniter\BaseModel->save(Array)
#4 /Applications/MAMP/htdocs/CI/venus-shop/vendor/codeigniter4/framework/system/CodeIgniter.php(928): App\Controllers\Customer->client_register()
#5 /Applications/MAMP/htdocs/CI/venus-shop/vendor/codeigniter4/framework/system/CodeIgniter.php(436): CodeIgniter\CodeIgniter->runController(Object(App\Controllers\Customer))
#6 /Applications/MAMP/htdocs/CI/venus-shop/vendor/codeigniter4/framework/system/CodeIgniter.php(336): CodeIgniter\CodeIgniter->handleRequest(NULL, Object(Config\Cache), false)
#7 /Applications/MAMP/htdocs/CI/venus-shop/index.php(37): CodeIgniter\CodeIgniter->run()
#8 {main}
ERROR - 2021-07-26 03:53:38 --> Unknown column 'nom' in 'field list'
CRITICAL - 2021-07-26 03:53:38 --> Unknown column 'nom' in 'field list'
#0 /Applications/MAMP/htdocs/CI/venus-shop/vendor/codeigniter4/framework/system/Database/MySQLi/Connection.php(329): mysqli->query('INSERT INTO `tb...')
#1 /Applications/MAMP/htdocs/CI/venus-shop/vendor/codeigniter4/framework/system/Database/BaseConnection.php(732): CodeIgniter\Database\MySQLi\Connection->execute('INSERT INTO `tb...')
#2 /Applications/MAMP/htdocs/CI/venus-shop/vendor/codeigniter4/framework/system/Database/BaseConnection.php(647): CodeIgniter\Database\BaseConnection->simpleQuery('INSERT INTO `tb...')
#3 /Applications/MAMP/htdocs/CI/venus-shop/vendor/codeigniter4/framework/system/Database/BaseBuilder.php(2277): CodeIgniter\Database\BaseConnection->query('INSERT INTO `tb...', Array, false)
#4 /Applications/MAMP/htdocs/CI/venus-shop/vendor/codeigniter4/framework/system/Model.php(259): CodeIgniter\Database\BaseBuilder->insert()
#5 /Applications/MAMP/htdocs/CI/venus-shop/vendor/codeigniter4/framework/system/BaseModel.php(774): CodeIgniter\Model->doInsert(Array)
#6 /Applications/MAMP/htdocs/CI/venus-shop/vendor/codeigniter4/framework/system/Model.php(686): CodeIgniter\BaseModel->insert(Array, false)
#7 /Applications/MAMP/htdocs/CI/venus-shop/vendor/codeigniter4/framework/system/BaseModel.php(687): CodeIgniter\Model->insert(Array, false)
#8 /Applications/MAMP/htdocs/CI/venus-shop/app/Controllers/Customer.php(204): CodeIgniter\BaseModel->save(Array)
#9 /Applications/MAMP/htdocs/CI/venus-shop/vendor/codeigniter4/framework/system/CodeIgniter.php(928): App\Controllers\Customer->client_register()
#10 /Applications/MAMP/htdocs/CI/venus-shop/vendor/codeigniter4/framework/system/CodeIgniter.php(436): CodeIgniter\CodeIgniter->runController(Object(App\Controllers\Customer))
#11 /Applications/MAMP/htdocs/CI/venus-shop/vendor/codeigniter4/framework/system/CodeIgniter.php(336): CodeIgniter\CodeIgniter->handleRequest(NULL, Object(Config\Cache), false)
#12 /Applications/MAMP/htdocs/CI/venus-shop/index.php(37): CodeIgniter\CodeIgniter->run()
#13 {main}
CRITICAL - 2021-07-26 11:47:19 --> Invalid file: active_account_confirmation.php
#0 /Applications/MAMP/htdocs/CI/venus-shop/vendor/codeigniter4/framework/system/View/View.php(213): CodeIgniter\Exceptions\FrameworkException::forInvalidFile('active_account_...')
#1 /Applications/MAMP/htdocs/CI/venus-shop/vendor/codeigniter4/framework/system/Common.php(1271): CodeIgniter\View\View->render('active_account_...', Array, true)
#2 /Applications/MAMP/htdocs/CI/venus-shop/app/Controllers/Customer.php(165): view('active_account_...')
#3 /Applications/MAMP/htdocs/CI/venus-shop/vendor/codeigniter4/framework/system/CodeIgniter.php(928): App\Controllers\Customer->active_account()
#4 /Applications/MAMP/htdocs/CI/venus-shop/vendor/codeigniter4/framework/system/CodeIgniter.php(436): CodeIgniter\CodeIgniter->runController(Object(App\Controllers\Customer))
#5 /Applications/MAMP/htdocs/CI/venus-shop/vendor/codeigniter4/framework/system/CodeIgniter.php(336): CodeIgniter\CodeIgniter->handleRequest(NULL, Object(Config\Cache), false)
#6 /Applications/MAMP/htdocs/CI/venus-shop/index.php(37): CodeIgniter\CodeIgniter->run()
#7 {main}
CRITICAL - 2021-07-26 11:51:04 --> Too few arguments to function App\Controllers\Customer::active_account(), 0 passed in /Applications/MAMP/htdocs/CI/venus-shop/vendor/codeigniter4/framework/system/CodeIgniter.php on line 928 and exactly 1 expected
#0 /Applications/MAMP/htdocs/CI/venus-shop/vendor/codeigniter4/framework/system/CodeIgniter.php(928): App\Controllers\Customer->active_account()
#1 /Applications/MAMP/htdocs/CI/venus-shop/vendor/codeigniter4/framework/system/CodeIgniter.php(436): CodeIgniter\CodeIgniter->runController(Object(App\Controllers\Customer))
#2 /Applications/MAMP/htdocs/CI/venus-shop/vendor/codeigniter4/framework/system/CodeIgniter.php(336): CodeIgniter\CodeIgniter->handleRequest(NULL, Object(Config\Cache), false)
#3 /Applications/MAMP/htdocs/CI/venus-shop/index.php(37): CodeIgniter\CodeIgniter->run()
#4 {main}
